19:11:2023 22:47:45 
add, ID = 0, 14737
add, ID = 1, 11060
add, ID = 2, 13214
add, ID = 3, 10420
add, ID = 4, 6573
add, ID = 5, 6292
add, ID = 6, 8727
add, ID = 7, 11531
add, ID = 8, 12152
add, ID = 9, 11100
add, ID = 10, 24856
add, ID = 11, 15569
add, ID = 12, 28332
add, ID = 13, 16771
add, ID = 14, 12753
add, ID = 15, 12413
add, ID = 16, 6983
add, ID = 17, 7875
add, ID = 18, 18094
add, ID = 19, 11482
add, ID = 20, 8766
add, ID = 21, 9788
add, ID = 22, 9998
add, ID = 23, 9538
add, ID = 24, 11130
add, ID = 25, 9237
add, ID = 26, 8676
add, ID = 27, 8456
add, ID = 28, 8075
add, ID = 29, 7624
add, ID = 30, 8667
add, ID = 31, 8566
add, ID = 32, 9779
add, ID = 33, 16601
add, ID = 34, 14237
add, ID = 35, 10169
add, ID = 36, 17663
add, ID = 37, 10670
add, ID = 38, 7584
add, ID = 39, 8325
add, ID = 40, 7775
add, ID = 41, 10339
add, ID = 42, 12312
add, ID = 43, 11922
add, ID = 44, 13835
add, ID = 45, 16832
add, ID = 46, 11852
add, ID = 47, 11351
add, ID = 48, 9818
add, ID = 49, 10900
add, ID = 50, 9277
add, ID = 51, 9728
add, ID = 52, 10169
add, ID = 53, 8195
add, ID = 54, 9247
add, ID = 55, 8856
add, ID = 56, 10009
add, ID = 57, 17813
add, ID = 58, 17021
add, ID = 59, 20698
add, ID = 60, 13735
add, ID = 61, 22662
add, ID = 62, 13044
add, ID = 63, 8936
add, ID = 64, 8566
add, ID = 65, 6542
add, ID = 66, 6793
add, ID = 67, 6392
add, ID = 68, 7995
add, ID = 69, 6242
add, ID = 70, 5781
add, ID = 71, 5671
add, ID = 72, 7454
add, ID = 73, 6713
add, ID = 74, 6532
add, ID = 75, 6402
add, ID = 76, 6121
add, ID = 77, 5991
add, ID = 78, 9488
add, ID = 79, 10309
add, ID = 80, 15138
add, ID = 81, 20197
add, ID = 82, 12764
add, ID = 83, 9107
add, ID = 84, 7133
add, ID = 85, 6663
add, ID = 86, 8425
add, ID = 87, 10019
add, ID = 88, 15279
add, ID = 89, 11060
add, ID = 90, 9338
add, ID = 91, 27070
add, ID = 92, 13926
add, ID = 93, 13886
add, ID = 94, 9297
add, ID = 95, 6592
add, ID = 96, 5851
add, ID = 97, 8656
add, ID = 98, 10499
add, ID = 99, 14237
remove, ID = 84, 7654
remove, ID = 35, 4709
remove, ID = 63, 2805
remove, ID = 91, 3276
remove, ID = 28, 3606
remove, ID = 64, 2996
remove, ID = 74, 3617
remove, ID = 57, 2495
remove, ID = 76, 2224
remove, ID = 78, 2374
set, ID = 51, 10439
set, ID = 2, 5610
set, ID = 37, 5510
set, ID = 17, 9979
set, ID = 79, 5611
set, ID = 49, 8656
set, ID = 74, 5620
set, ID = 23, 8505
set, ID = 31, 8376
addTotalCount = 90
addTotalTime = 1108938
addMedianTime = 12321
removeTotalCount = 9.0
removeTotalTime = 35756
removeMedianTime = 3972.8888888888887
setTotalCount = 9.0
setTotalTime = 68306
setMedianTime = 7589.555555555556
Totaltime = 41091204
