19:11:2023 22:47:45 
add, ID = 0, 12292
add, ID = 1, 7754
add, ID = 2, 6823
add, ID = 3, 5090
add, ID = 4, 4228
add, ID = 5, 4238
add, ID = 6, 4298
add, ID = 7, 4608
add, ID = 8, 5881
add, ID = 9, 4768
add, ID = 10, 4879
add, ID = 11, 5340
add, ID = 12, 5390
add, ID = 13, 6212
add, ID = 14, 5430
add, ID = 15, 12463
add, ID = 16, 4659
add, ID = 17, 5119
add, ID = 18, 4098
add, ID = 19, 4528
add, ID = 20, 4638
add, ID = 21, 3897
add, ID = 22, 5420
add, ID = 23, 4709
add, ID = 24, 4498
add, ID = 25, 4528
add, ID = 26, 4248
add, ID = 27, 4838
add, ID = 28, 4298
add, ID = 29, 5039
add, ID = 30, 5019
add, ID = 31, 4268
add, ID = 32, 5470
add, ID = 33, 5821
add, ID = 34, 4298
add, ID = 35, 8465
add, ID = 36, 8666
add, ID = 37, 4278
add, ID = 38, 6663
add, ID = 39, 5871
add, ID = 40, 7654
add, ID = 41, 5279
add, ID = 42, 4558
add, ID = 43, 4067
add, ID = 44, 4278
add, ID = 45, 6052
add, ID = 46, 5209
add, ID = 47, 8927
add, ID = 48, 5120
add, ID = 49, 4859
add, ID = 50, 4348
add, ID = 51, 4318
add, ID = 52, 4167
add, ID = 53, 4869
add, ID = 54, 4649
add, ID = 55, 5220
add, ID = 56, 4849
add, ID = 57, 4738
add, ID = 58, 5350
add, ID = 59, 4509
add, ID = 60, 4568
add, ID = 61, 10850
add, ID = 62, 5941
add, ID = 63, 4418
add, ID = 64, 5110
add, ID = 65, 5080
add, ID = 66, 6011
add, ID = 67, 4548
add, ID = 68, 6272
add, ID = 69, 4639
add, ID = 70, 5470
add, ID = 71, 5080
add, ID = 72, 5019
add, ID = 73, 7604
add, ID = 74, 7805
add, ID = 75, 5200
add, ID = 76, 3787
add, ID = 77, 5380
add, ID = 78, 5150
add, ID = 79, 3917
add, ID = 80, 4889
add, ID = 81, 6051
add, ID = 82, 4399
add, ID = 83, 4418
add, ID = 84, 4909
add, ID = 85, 5551
add, ID = 86, 4638
add, ID = 87, 4258
add, ID = 88, 4488
add, ID = 89, 4278
add, ID = 90, 4178
add, ID = 91, 5029
add, ID = 92, 4518
add, ID = 93, 3987
add, ID = 94, 4819
add, ID = 95, 4839
add, ID = 96, 4528
add, ID = 97, 4118
add, ID = 98, 3918
add, ID = 99, 4599
add, ID = 100, 6252
add, ID = 101, 4949
add, ID = 102, 8085
add, ID = 103, 5791
add, ID = 104, 6111
add, ID = 105, 4398
add, ID = 106, 4068
add, ID = 107, 4699
add, ID = 108, 4599
add, ID = 109, 5460
add, ID = 110, 4187
add, ID = 111, 3987
add, ID = 112, 5150
add, ID = 113, 4699
add, ID = 114, 6071
add, ID = 115, 84156
add, ID = 116, 8636
add, ID = 117, 5520
add, ID = 118, 5370
add, ID = 119, 3917
add, ID = 120, 4058
add, ID = 121, 4979
add, ID = 122, 5300
add, ID = 123, 4839
add, ID = 124, 5560
add, ID = 125, 5471
add, ID = 126, 4148
add, ID = 127, 4769
add, ID = 128, 4518
add, ID = 129, 5721
add, ID = 130, 3747
add, ID = 131, 5139
add, ID = 132, 4058
add, ID = 133, 8436
add, ID = 134, 4408
add, ID = 135, 4067
add, ID = 136, 4448
add, ID = 137, 4659
add, ID = 138, 4559
add, ID = 139, 6152
add, ID = 140, 5581
add, ID = 141, 5430
add, ID = 142, 4598
add, ID = 143, 15268
add, ID = 144, 5380
add, ID = 145, 4749
add, ID = 146, 6162
add, ID = 147, 5641
add, ID = 148, 5610
add, ID = 149, 6071
add, ID = 150, 5110
add, ID = 151, 4448
add, ID = 152, 6242
add, ID = 153, 5170
add, ID = 154, 5721
add, ID = 155, 3967
add, ID = 156, 4038
add, ID = 157, 4007
add, ID = 158, 4509
add, ID = 159, 4157
add, ID = 160, 5110
add, ID = 161, 9338
add, ID = 162, 5140
add, ID = 163, 20468
add, ID = 164, 6091
add, ID = 165, 7885
add, ID = 166, 12112
add, ID = 167, 35756
add, ID = 168, 79888
add, ID = 169, 4118
add, ID = 170, 3897
add, ID = 171, 3216
add, ID = 172, 3125
add, ID = 173, 2816
add, ID = 174, 3016
add, ID = 175, 3276
add, ID = 176, 2926
add, ID = 177, 3106
add, ID = 178, 3767
add, ID = 179, 12052
add, ID = 180, 3106
add, ID = 181, 3146
add, ID = 182, 4218
add, ID = 183, 3035
add, ID = 184, 2935
add, ID = 185, 2465
add, ID = 186, 5641
add, ID = 187, 3316
add, ID = 188, 2895
add, ID = 189, 3727
add, ID = 190, 3466
add, ID = 191, 2725
add, ID = 192, 3256
add, ID = 193, 5170
add, ID = 194, 4048
add, ID = 195, 2845
add, ID = 196, 3166
add, ID = 197, 4278
add, ID = 198, 3937
add, ID = 199, 6702
add, ID = 200, 6212
add, ID = 201, 8215
add, ID = 202, 4499
add, ID = 203, 3697
add, ID = 204, 3446
add, ID = 205, 4428
add, ID = 206, 3797
add, ID = 207, 6512
add, ID = 208, 2885
add, ID = 209, 3056
add, ID = 210, 3637
add, ID = 211, 17863
add, ID = 212, 9528
add, ID = 213, 5370
add, ID = 214, 3687
add, ID = 215, 4048
add, ID = 216, 3857
add, ID = 217, 4268
add, ID = 218, 3437
add, ID = 219, 3477
add, ID = 220, 5119
add, ID = 221, 9597
add, ID = 222, 3787
add, ID = 223, 4719
add, ID = 224, 4929
add, ID = 225, 3326
add, ID = 226, 3136
add, ID = 227, 5240
add, ID = 228, 4188
add, ID = 229, 3556
add, ID = 230, 3647
add, ID = 231, 2856
add, ID = 232, 2765
add, ID = 233, 2394
add, ID = 234, 2855
add, ID = 235, 2775
add, ID = 236, 3136
add, ID = 237, 3246
add, ID = 238, 3206
add, ID = 239, 2986
add, ID = 240, 3917
add, ID = 241, 3606
add, ID = 242, 2655
add, ID = 243, 4178
add, ID = 244, 4979
add, ID = 245, 3126
add, ID = 246, 3336
add, ID = 247, 4669
add, ID = 248, 4278
add, ID = 249, 6542
add, ID = 250, 4859
add, ID = 251, 3246
add, ID = 252, 2565
add, ID = 253, 2224
add, ID = 254, 2705
add, ID = 255, 3436
add, ID = 256, 2524
add, ID = 257, 9117
add, ID = 258, 2264
add, ID = 259, 2665
add, ID = 260, 3596
add, ID = 261, 2635
add, ID = 262, 2124
add, ID = 263, 2995
add, ID = 264, 3377
add, ID = 265, 3065
add, ID = 266, 2344
add, ID = 267, 38351
add, ID = 268, 11412
add, ID = 269, 2415
add, ID = 270, 2615
add, ID = 271, 12002
add, ID = 272, 2134
add, ID = 273, 2074
add, ID = 274, 2064
add, ID = 275, 2154
add, ID = 276, 2245
add, ID = 277, 2184
add, ID = 278, 2224
add, ID = 279, 2394
add, ID = 280, 2365
add, ID = 281, 2255
add, ID = 282, 2425
add, ID = 283, 2405
add, ID = 284, 2334
add, ID = 285, 1923
add, ID = 286, 2495
add, ID = 287, 2715
add, ID = 288, 2365
add, ID = 289, 1933
add, ID = 290, 2335
add, ID = 291, 1974
add, ID = 292, 2375
add, ID = 293, 2334
add, ID = 294, 2244
add, ID = 295, 5019
add, ID = 296, 2264
add, ID = 297, 2244
add, ID = 298, 2345
add, ID = 299, 2044
add, ID = 300, 2044
add, ID = 301, 2235
add, ID = 302, 2214
add, ID = 303, 2044
add, ID = 304, 2084
add, ID = 305, 2004
add, ID = 306, 2344
add, ID = 307, 2194
add, ID = 308, 1993
add, ID = 309, 4819
add, ID = 310, 2004
add, ID = 311, 2324
add, ID = 312, 2344
add, ID = 313, 2224
add, ID = 314, 2324
add, ID = 315, 2004
add, ID = 316, 2174
add, ID = 317, 2334
add, ID = 318, 2174
add, ID = 319, 2204
add, ID = 320, 1983
add, ID = 321, 2164
add, ID = 322, 2104
add, ID = 323, 2205
add, ID = 324, 2504
add, ID = 325, 2324
add, ID = 326, 2425
add, ID = 327, 2063
add, ID = 328, 2484
add, ID = 329, 2024
add, ID = 330, 2104
add, ID = 331, 2024
add, ID = 332, 2094
add, ID = 333, 2254
add, ID = 334, 1994
add, ID = 335, 2084
add, ID = 336, 2124
add, ID = 337, 4849
add, ID = 338, 2194
add, ID = 339, 3617
add, ID = 340, 2354
add, ID = 341, 2144
add, ID = 342, 2234
add, ID = 343, 3066
add, ID = 344, 2093
add, ID = 345, 2044
add, ID = 346, 1944
add, ID = 347, 2034
add, ID = 348, 2004
add, ID = 349, 2244
add, ID = 350, 2294
add, ID = 351, 2084
add, ID = 352, 2063
add, ID = 353, 2574
add, ID = 354, 2986
add, ID = 355, 10440
add, ID = 356, 2454
add, ID = 357, 2544
add, ID = 358, 2665
add, ID = 359, 2665
add, ID = 360, 2234
add, ID = 361, 1903
add, ID = 362, 1994
add, ID = 363, 2064
add, ID = 364, 1924
add, ID = 365, 2034
add, ID = 366, 5550
add, ID = 367, 1873
add, ID = 368, 2394
add, ID = 369, 2194
add, ID = 370, 2034
add, ID = 371, 2235
add, ID = 372, 2114
add, ID = 373, 2224
add, ID = 374, 2245
add, ID = 375, 1944
add, ID = 376, 2595
add, ID = 377, 2254
add, ID = 378, 2294
add, ID = 379, 2094
add, ID = 380, 1994
add, ID = 381, 2354
add, ID = 382, 2134
add, ID = 383, 1753
add, ID = 384, 1893
add, ID = 385, 1823
add, ID = 386, 2184
add, ID = 387, 2344
add, ID = 388, 2074
add, ID = 389, 1873
add, ID = 390, 1903
add, ID = 391, 1893
add, ID = 392, 2094
add, ID = 393, 2154
add, ID = 394, 2174
add, ID = 395, 1834
add, ID = 396, 2073
add, ID = 397, 2044
add, ID = 398, 1984
add, ID = 399, 15910
add, ID = 400, 1973
add, ID = 401, 2945
add, ID = 402, 1994
add, ID = 403, 1934
add, ID = 404, 1673
add, ID = 405, 1833
add, ID = 406, 1973
add, ID = 407, 1894
add, ID = 408, 5421
add, ID = 409, 1823
add, ID = 410, 1533
add, ID = 411, 1784
add, ID = 412, 1703
add, ID = 413, 1623
add, ID = 414, 2144
add, ID = 415, 1793
add, ID = 416, 1553
add, ID = 417, 1573
add, ID = 418, 1803
add, ID = 419, 1853
add, ID = 420, 1633
add, ID = 421, 1903
add, ID = 422, 1713
add, ID = 423, 1613
add, ID = 424, 1573
add, ID = 425, 1613
add, ID = 426, 1773
add, ID = 427, 2404
add, ID = 428, 1893
add, ID = 429, 2134
add, ID = 430, 2134
add, ID = 431, 2034
add, ID = 432, 2294
add, ID = 433, 2314
add, ID = 434, 2014
add, ID = 435, 2054
add, ID = 436, 2074
add, ID = 437, 1993
add, ID = 438, 2074
add, ID = 439, 2114
add, ID = 440, 1944
add, ID = 441, 2104
add, ID = 442, 1933
add, ID = 443, 2054
add, ID = 444, 2044
add, ID = 445, 1673
add, ID = 446, 1603
add, ID = 447, 1813
add, ID = 448, 2064
add, ID = 449, 1743
add, ID = 450, 4258
add, ID = 451, 1623
add, ID = 452, 2435
add, ID = 453, 3907
add, ID = 454, 2956
add, ID = 455, 1854
add, ID = 456, 1984
add, ID = 457, 2054
add, ID = 458, 2555
add, ID = 459, 1804
add, ID = 460, 1723
add, ID = 461, 1793
add, ID = 462, 2345
add, ID = 463, 2946
add, ID = 464, 1853
add, ID = 465, 1874
add, ID = 466, 2134
add, ID = 467, 2324
add, ID = 468, 2084
add, ID = 469, 1774
add, ID = 470, 1873
add, ID = 471, 2565
add, ID = 472, 1863
add, ID = 473, 1754
add, ID = 474, 1673
add, ID = 475, 1613
add, ID = 476, 1904
add, ID = 477, 1714
add, ID = 478, 1653
add, ID = 479, 1863
add, ID = 480, 1623
add, ID = 481, 1783
add, ID = 482, 1934
add, ID = 483, 2364
add, ID = 484, 2134
add, ID = 485, 1613
add, ID = 486, 1633
add, ID = 487, 1893
add, ID = 488, 2054
add, ID = 489, 2004
add, ID = 490, 2053
add, ID = 491, 1593
add, ID = 492, 1583
add, ID = 493, 1643
add, ID = 494, 2264
add, ID = 495, 2014
add, ID = 496, 1703
add, ID = 497, 1673
add, ID = 498, 4208
add, ID = 499, 2154
add, ID = 500, 1673
add, ID = 501, 1623
add, ID = 502, 1613
add, ID = 503, 1542
add, ID = 504, 1623
add, ID = 505, 1733
add, ID = 506, 1773
add, ID = 507, 1593
add, ID = 508, 1784
add, ID = 509, 1653
add, ID = 510, 1603
add, ID = 511, 1673
add, ID = 512, 1874
add, ID = 513, 1623
add, ID = 514, 1783
add, ID = 515, 1643
add, ID = 516, 1613
add, ID = 517, 1643
add, ID = 518, 1894
add, ID = 519, 1733
add, ID = 520, 1794
add, ID = 521, 1573
add, ID = 522, 1643
add, ID = 523, 1693
add, ID = 524, 1754
add, ID = 525, 1583
add, ID = 526, 1553
add, ID = 527, 1704
add, ID = 528, 1883
add, ID = 529, 1603
add, ID = 530, 4328
add, ID = 531, 1493
add, ID = 532, 1693
add, ID = 533, 1633
add, ID = 534, 1733
add, ID = 535, 1633
add, ID = 536, 2114
add, ID = 537, 1653
add, ID = 538, 1673
add, ID = 539, 1683
add, ID = 540, 1623
add, ID = 541, 1633
add, ID = 542, 1603
add, ID = 543, 1933
add, ID = 544, 1653
add, ID = 545, 1613
add, ID = 546, 1563
add, ID = 547, 1683
add, ID = 548, 1673
add, ID = 549, 8025
add, ID = 550, 2014
add, ID = 551, 1633
add, ID = 552, 1733
add, ID = 553, 1693
add, ID = 554, 1663
add, ID = 555, 2034
add, ID = 556, 1713
add, ID = 557, 1674
add, ID = 558, 1733
add, ID = 559, 1943
add, ID = 560, 1803
add, ID = 561, 1663
add, ID = 562, 1954
add, ID = 563, 1623
add, ID = 564, 1583
add, ID = 565, 1683
add, ID = 566, 1733
add, ID = 567, 1673
add, ID = 568, 1643
add, ID = 569, 2004
add, ID = 570, 1663
add, ID = 571, 1834
add, ID = 572, 1643
add, ID = 573, 1674
add, ID = 574, 1663
add, ID = 575, 1663
add, ID = 576, 1853
add, ID = 577, 1633
add, ID = 578, 1543
add, ID = 579, 1693
add, ID = 580, 1572
add, ID = 581, 1623
add, ID = 582, 1884
add, ID = 583, 1794
add, ID = 584, 1784
add, ID = 585, 1573
add, ID = 586, 1934
add, ID = 587, 1823
add, ID = 588, 1693
add, ID = 589, 3988
add, ID = 590, 2154
add, ID = 591, 2104
add, ID = 592, 2204
add, ID = 593, 2485
add, ID = 594, 2425
add, ID = 595, 3116
add, ID = 596, 2795
add, ID = 597, 2434
add, ID = 598, 2084
add, ID = 599, 6422
add, ID = 600, 2886
add, ID = 601, 2365
add, ID = 602, 2565
add, ID = 603, 3968
add, ID = 604, 6301
add, ID = 605, 3406
add, ID = 606, 2885
add, ID = 607, 3096
add, ID = 608, 2034
add, ID = 609, 2094
add, ID = 610, 3206
add, ID = 611, 2705
add, ID = 612, 2585
add, ID = 613, 2825
add, ID = 614, 1723
add, ID = 615, 1833
add, ID = 616, 1723
add, ID = 617, 1894
add, ID = 618, 1623
add, ID = 619, 1854
add, ID = 620, 1643
add, ID = 621, 1743
add, ID = 622, 2455
add, ID = 623, 1663
add, ID = 624, 1774
add, ID = 625, 4759
add, ID = 626, 1573
add, ID = 627, 2124
add, ID = 628, 1563
add, ID = 629, 1593
add, ID = 630, 1543
add, ID = 631, 1673
add, ID = 632, 1533
add, ID = 633, 1833
add, ID = 634, 1623
add, ID = 635, 1492
add, ID = 636, 2044
add, ID = 637, 1833
add, ID = 638, 1903
add, ID = 639, 2034
add, ID = 640, 1823
add, ID = 641, 1993
add, ID = 642, 3085
add, ID = 643, 2104
add, ID = 644, 2014
add, ID = 645, 1834
add, ID = 646, 2355
add, ID = 647, 2184
add, ID = 648, 2084
add, ID = 649, 1854
add, ID = 650, 1733
add, ID = 651, 2104
add, ID = 652, 2094
add, ID = 653, 2004
add, ID = 654, 1904
add, ID = 655, 3657
add, ID = 656, 3617
add, ID = 657, 2485
add, ID = 658, 1843
add, ID = 659, 2074
add, ID = 660, 1974
add, ID = 661, 1934
add, ID = 662, 1753
add, ID = 663, 1934
add, ID = 664, 2184
add, ID = 665, 1854
add, ID = 666, 1943
add, ID = 667, 1964
add, ID = 668, 1884
add, ID = 669, 2635
add, ID = 670, 2555
add, ID = 671, 2384
add, ID = 672, 2284
add, ID = 673, 5571
add, ID = 674, 2324
add, ID = 675, 2604
add, ID = 676, 2545
add, ID = 677, 2364
add, ID = 678, 2675
add, ID = 679, 2294
add, ID = 680, 2315
add, ID = 681, 2144
add, ID = 682, 2245
add, ID = 683, 2264
add, ID = 684, 2304
add, ID = 685, 2235
add, ID = 686, 2334
add, ID = 687, 2275
add, ID = 688, 2494
add, ID = 689, 3587
add, ID = 690, 3807
add, ID = 691, 2825
add, ID = 692, 4458
add, ID = 693, 1773
add, ID = 694, 2345
add, ID = 695, 1884
add, ID = 696, 2074
add, ID = 697, 1763
add, ID = 698, 1893
add, ID = 699, 1904
add, ID = 700, 2465
add, ID = 701, 1864
add, ID = 702, 2024
add, ID = 703, 1874
add, ID = 704, 1823
add, ID = 705, 4238
add, ID = 706, 2735
add, ID = 707, 2525
add, ID = 708, 1923
add, ID = 709, 2304
add, ID = 710, 2615
add, ID = 711, 2635
add, ID = 712, 2825
add, ID = 713, 2705
add, ID = 714, 2865
add, ID = 715, 2544
add, ID = 716, 2084
add, ID = 717, 2154
add, ID = 718, 1994
add, ID = 719, 2214
add, ID = 720, 1903
add, ID = 721, 1894
add, ID = 722, 2144
add, ID = 723, 1853
add, ID = 724, 1824
add, ID = 725, 1933
add, ID = 726, 1913
add, ID = 727, 1944
add, ID = 728, 2004
add, ID = 729, 1884
add, ID = 730, 3757
add, ID = 731, 1834
add, ID = 732, 1843
add, ID = 733, 4378
add, ID = 734, 2063
add, ID = 735, 1923
add, ID = 736, 1814
add, ID = 737, 2084
add, ID = 738, 2084
add, ID = 739, 2034
add, ID = 740, 1793
add, ID = 741, 1873
add, ID = 742, 1823
add, ID = 743, 1843
add, ID = 744, 1844
add, ID = 745, 1924
add, ID = 746, 1873
add, ID = 747, 4369
add, ID = 748, 1833
add, ID = 749, 2064
add, ID = 750, 2004
add, ID = 751, 1874
add, ID = 752, 1944
add, ID = 753, 1894
add, ID = 754, 1883
add, ID = 755, 1903
add, ID = 756, 1984
add, ID = 757, 1844
add, ID = 758, 1883
add, ID = 759, 1884
add, ID = 760, 1924
add, ID = 761, 2154
add, ID = 762, 1963
add, ID = 763, 3135
add, ID = 764, 1834
add, ID = 765, 1844
add, ID = 766, 1874
add, ID = 767, 1813
add, ID = 768, 1853
add, ID = 769, 1834
add, ID = 770, 1873
add, ID = 771, 2124
add, ID = 772, 1823
add, ID = 773, 1994
add, ID = 774, 1874
add, ID = 775, 4488
add, ID = 776, 1983
add, ID = 777, 2103
add, ID = 778, 1863
add, ID = 779, 1884
add, ID = 780, 2064
add, ID = 781, 1963
add, ID = 782, 1903
add, ID = 783, 2073
add, ID = 784, 2004
add, ID = 785, 2084
add, ID = 786, 1904
add, ID = 787, 1924
add, ID = 788, 1843
add, ID = 789, 2024
add, ID = 790, 1874
add, ID = 791, 2024
add, ID = 792, 1843
add, ID = 793, 4228
add, ID = 794, 1904
add, ID = 795, 1914
add, ID = 796, 1903
add, ID = 797, 2054
add, ID = 798, 1923
add, ID = 799, 1823
add, ID = 800, 1813
add, ID = 801, 1943
add, ID = 802, 2014
add, ID = 803, 2013
add, ID = 804, 1884
add, ID = 805, 2054
add, ID = 806, 1934
add, ID = 807, 1943
add, ID = 808, 1883
add, ID = 809, 1904
add, ID = 810, 1884
add, ID = 811, 1843
add, ID = 812, 1793
add, ID = 813, 1923
add, ID = 814, 1914
add, ID = 815, 1973
add, ID = 816, 2003
add, ID = 817, 1834
add, ID = 818, 1824
add, ID = 819, 1984
add, ID = 820, 1994
add, ID = 821, 6702
add, ID = 822, 1994
add, ID = 823, 7404
add, ID = 824, 1834
add, ID = 825, 1823
add, ID = 826, 2084
add, ID = 827, 2635
add, ID = 828, 2424
add, ID = 829, 2265
add, ID = 830, 2094
add, ID = 831, 1793
add, ID = 832, 1823
add, ID = 833, 1773
add, ID = 834, 4689
add, ID = 835, 2294
add, ID = 836, 1763
add, ID = 837, 1834
add, ID = 838, 1843
add, ID = 839, 1934
add, ID = 840, 1813
add, ID = 841, 1833
add, ID = 842, 1843
add, ID = 843, 4228
add, ID = 844, 1753
add, ID = 845, 1784
add, ID = 846, 1844
add, ID = 847, 1824
add, ID = 848, 1824
add, ID = 849, 1824
add, ID = 850, 1873
add, ID = 851, 1803
add, ID = 852, 1823
add, ID = 853, 1803
add, ID = 854, 1854
add, ID = 855, 1753
add, ID = 856, 1874
add, ID = 857, 2435
add, ID = 858, 2665
add, ID = 859, 2374
add, ID = 860, 1754
add, ID = 861, 2264
add, ID = 862, 1853
add, ID = 863, 2384
add, ID = 864, 1824
add, ID = 865, 2635
add, ID = 866, 1883
add, ID = 867, 2064
add, ID = 868, 1723
add, ID = 869, 1873
add, ID = 870, 1953
add, ID = 871, 2074
add, ID = 872, 2074
add, ID = 873, 1864
add, ID = 874, 1833
add, ID = 875, 1774
add, ID = 876, 1713
add, ID = 877, 1833
add, ID = 878, 1793
add, ID = 879, 1863
add, ID = 880, 1784
add, ID = 881, 1763
add, ID = 882, 1824
add, ID = 883, 1863
add, ID = 884, 1824
add, ID = 885, 1823
add, ID = 886, 2014
add, ID = 887, 1763
add, ID = 888, 4168
add, ID = 889, 1693
add, ID = 890, 1834
add, ID = 891, 1893
add, ID = 892, 1784
add, ID = 893, 3206
add, ID = 894, 2335
add, ID = 895, 1783
add, ID = 896, 1844
add, ID = 897, 1813
add, ID = 898, 1804
add, ID = 899, 1803
add, ID = 900, 1803
add, ID = 901, 1864
add, ID = 902, 1754
add, ID = 903, 1864
add, ID = 904, 2124
add, ID = 905, 1924
add, ID = 906, 2725
add, ID = 907, 2705
add, ID = 908, 3407
add, ID = 909, 2705
add, ID = 910, 2034
add, ID = 911, 1994
add, ID = 912, 1763
add, ID = 913, 1913
add, ID = 914, 2154
add, ID = 915, 1733
add, ID = 916, 1914
add, ID = 917, 1914
add, ID = 918, 1793
add, ID = 919, 1794
add, ID = 920, 1844
add, ID = 921, 1863
add, ID = 922, 1803
add, ID = 923, 1993
add, ID = 924, 3747
add, ID = 925, 1833
add, ID = 926, 2134
add, ID = 927, 1783
add, ID = 928, 1804
add, ID = 929, 1933
add, ID = 930, 1994
add, ID = 931, 1703
add, ID = 932, 2004
add, ID = 933, 1923
add, ID = 934, 1964
add, ID = 935, 1783
add, ID = 936, 4197
add, ID = 937, 1713
add, ID = 938, 1833
add, ID = 939, 3026
add, ID = 940, 5219
add, ID = 941, 1734
add, ID = 942, 1763
add, ID = 943, 1803
add, ID = 944, 1844
add, ID = 945, 1803
add, ID = 946, 1713
add, ID = 947, 1813
add, ID = 948, 2043
add, ID = 949, 1944
add, ID = 950, 1804
add, ID = 951, 1884
add, ID = 952, 1773
add, ID = 953, 2004
add, ID = 954, 1703
add, ID = 955, 1763
add, ID = 956, 1744
add, ID = 957, 1683
add, ID = 958, 2395
add, ID = 959, 1983
add, ID = 960, 1944
add, ID = 961, 1984
add, ID = 962, 1704
add, ID = 963, 1703
add, ID = 964, 1744
add, ID = 965, 1743
add, ID = 966, 1743
add, ID = 967, 1783
add, ID = 968, 4318
add, ID = 969, 1713
add, ID = 970, 1723
add, ID = 971, 1733
add, ID = 972, 1904
add, ID = 973, 1803
add, ID = 974, 1754
add, ID = 975, 1724
add, ID = 976, 1863
add, ID = 977, 1793
add, ID = 978, 2004
add, ID = 979, 2024
add, ID = 980, 1834
add, ID = 981, 1794
add, ID = 982, 1753
add, ID = 983, 1753
add, ID = 984, 1793
add, ID = 985, 1753
add, ID = 986, 1824
add, ID = 987, 1753
add, ID = 988, 2034
add, ID = 989, 1743
add, ID = 990, 2274
add, ID = 991, 1833
add, ID = 992, 1764
add, ID = 993, 1753
add, ID = 994, 1933
add, ID = 995, 1723
add, ID = 996, 7764
add, ID = 997, 1873
add, ID = 998, 2465
add, ID = 999, 1763
remove, ID = 182, 12814
remove, ID = 270, 2525
remove, ID = 423, 2594
remove, ID = 407, 2424
remove, ID = 834, 2555
remove, ID = 541, 2514
remove, ID = 878, 2184
remove, ID = 658, 2474
remove, ID = 619, 2465
remove, ID = 882, 2495
remove, ID = 665, 3346
remove, ID = 957, 3035
remove, ID = 313, 2595
remove, ID = 297, 2214
remove, ID = 149, 3226
remove, ID = 380, 2615
remove, ID = 384, 3096
remove, ID = 582, 2555
remove, ID = 499, 2665
remove, ID = 696, 2655
remove, ID = 423, 2415
remove, ID = 684, 3216
remove, ID = 289, 2996
remove, ID = 976, 1754
remove, ID = 117, 2905
remove, ID = 647, 2345
remove, ID = 272, 2314
remove, ID = 310, 2434
remove, ID = 443, 2245
remove, ID = 89, 2665
remove, ID = 254, 2474
remove, ID = 286, 2554
remove, ID = 65, 2445
remove, ID = 183, 2695
remove, ID = 96, 2885
remove, ID = 334, 2325
remove, ID = 500, 2254
remove, ID = 324, 2565
remove, ID = 52, 2354
remove, ID = 564, 2214
remove, ID = 104, 2544
remove, ID = 659, 2254
remove, ID = 489, 2584
remove, ID = 694, 2455
remove, ID = 604, 2795
remove, ID = 806, 2284
remove, ID = 852, 2395
remove, ID = 25, 3376
remove, ID = 623, 2244
remove, ID = 318, 2625
remove, ID = 130, 2865
remove, ID = 569, 2525
remove, ID = 886, 2154
remove, ID = 22, 2805
remove, ID = 22, 2394
remove, ID = 413, 2425
remove, ID = 164, 2345
remove, ID = 430, 2434
remove, ID = 181, 2334
remove, ID = 728, 2254
remove, ID = 793, 2425
remove, ID = 877, 2425
remove, ID = 573, 2174
remove, ID = 306, 2294
remove, ID = 488, 2364
remove, ID = 155, 2414
remove, ID = 486, 2264
remove, ID = 237, 2545
remove, ID = 108, 2655
remove, ID = 719, 2545
remove, ID = 900, 2204
remove, ID = 367, 2495
remove, ID = 6, 2915
remove, ID = 331, 2454
remove, ID = 469, 2455
remove, ID = 783, 2575
remove, ID = 377, 2494
remove, ID = 710, 2605
remove, ID = 498, 2505
remove, ID = 613, 5270
remove, ID = 859, 2424
remove, ID = 711, 2454
remove, ID = 619, 2415
remove, ID = 488, 2384
remove, ID = 172, 3426
remove, ID = 150, 2805
remove, ID = 39, 2625
remove, ID = 586, 2344
remove, ID = 702, 2134
remove, ID = 627, 2565
remove, ID = 266, 2856
set, ID = 433, 7995
set, ID = 215, 3246
set, ID = 401, 3206
set, ID = 588, 2876
set, ID = 608, 3216
set, ID = 100, 3056
set, ID = 478, 3236
set, ID = 481, 3186
set, ID = 809, 3276
set, ID = 275, 2885
set, ID = 660, 3246
set, ID = 278, 3005
set, ID = 496, 3126
set, ID = 433, 3055
set, ID = 866, 2745
set, ID = 324, 5299
set, ID = 275, 2956
set, ID = 64, 3166
set, ID = 140, 3136
set, ID = 349, 3286
set, ID = 574, 3116
set, ID = 514, 3096
set, ID = 653, 3196
set, ID = 318, 3337
set, ID = 140, 2795
set, ID = 133, 3286
set, ID = 227, 2966
set, ID = 177, 3446
set, ID = 457, 3266
set, ID = 659, 3155
set, ID = 291, 3486
set, ID = 729, 3366
set, ID = 232, 3086
set, ID = 59, 3246
set, ID = 174, 3747
set, ID = 555, 3116
set, ID = 105, 3496
set, ID = 71, 3016
set, ID = 623, 3556
set, ID = 134, 3496
set, ID = 404, 3156
set, ID = 270, 2976
set, ID = 270, 3356
set, ID = 442, 2935
set, ID = 373, 3026
set, ID = 581, 3256
set, ID = 56, 3155
set, ID = 563, 3226
set, ID = 852, 3186
set, ID = 543, 2825
set, ID = 206, 2995
set, ID = 511, 6652
set, ID = 81, 5370
set, ID = 260, 4909
set, ID = 617, 4128
set, ID = 436, 4117
set, ID = 448, 4318
set, ID = 691, 5089
set, ID = 44, 4739
set, ID = 442, 4428
set, ID = 73, 3757
set, ID = 48, 6402
set, ID = 523, 5831
set, ID = 96, 5610
set, ID = 730, 5670
set, ID = 323, 4688
set, ID = 657, 5010
set, ID = 347, 4748
set, ID = 878, 5591
set, ID = 219, 4298
set, ID = 48, 11752
set, ID = 660, 4489
set, ID = 565, 3106
set, ID = 850, 3487
set, ID = 47, 3787
set, ID = 831, 4759
set, ID = 760, 4439
set, ID = 174, 3907
set, ID = 756, 4418
set, ID = 9, 4128
set, ID = 908, 4158
set, ID = 542, 5219
set, ID = 203, 4869
set, ID = 210, 5209
set, ID = 800, 4679
set, ID = 255, 3867
set, ID = 707, 3957
set, ID = 678, 4949
set, ID = 817, 3907
set, ID = 730, 4238
set, ID = 551, 8286
addTotalCount = 909
addTotalTime = 3155429
addMedianTime = 3471
removeTotalCount = 90.9
removeTotalTime = 243700
removeMedianTime = 2680.968096809681
setTotalCount = 90.9
setTotalTime = 365525
setMedianTime = 4021.1771177117707
Totaltime = 119707328
