19:11:2023 22:47:45 
add, ID = 0, 19055
add, ID = 1, 17502
add, ID = 2, 19988
add, ID = 3, 19105
add, ID = 4, 18505
add, ID = 5, 8195
add, ID = 6, 9778
add, ID = 7, 9327
add, ID = 8, 7414
add, ID = 9, 7664
add, ID = 10, 7293
add, ID = 11, 7584
add, ID = 12, 11081
add, ID = 13, 14487
add, ID = 14, 10370
add, ID = 15, 8105
add, ID = 16, 8385
add, ID = 17, 10630
add, ID = 18, 29645
add, ID = 19, 14276
add, ID = 20, 15860
add, ID = 21, 25507
add, ID = 22, 19066
add, ID = 23, 13845
add, ID = 24, 25487
add, ID = 25, 19546
add, ID = 26, 10039
add, ID = 27, 7174
add, ID = 28, 7043
add, ID = 29, 6532
add, ID = 30, 6662
add, ID = 31, 30076
add, ID = 32, 6913
add, ID = 33, 7434
add, ID = 34, 7224
add, ID = 35, 6672
add, ID = 36, 6863
add, ID = 37, 5931
add, ID = 38, 19106
add, ID = 39, 53359
add, ID = 40, 8747
add, ID = 41, 6041
add, ID = 42, 4818
add, ID = 43, 4007
add, ID = 44, 5360
add, ID = 45, 4368
add, ID = 46, 4608
add, ID = 47, 5110
add, ID = 48, 4338
add, ID = 49, 4148
add, ID = 50, 4257
add, ID = 51, 4338
add, ID = 52, 4919
add, ID = 53, 4739
add, ID = 54, 4348
add, ID = 55, 4158
add, ID = 56, 4779
add, ID = 57, 5831
add, ID = 58, 7093
add, ID = 59, 4819
add, ID = 60, 12934
add, ID = 61, 8195
add, ID = 62, 4559
add, ID = 63, 18414
add, ID = 64, 4077
add, ID = 65, 10349
add, ID = 66, 8837
add, ID = 67, 4489
add, ID = 68, 5200
add, ID = 69, 4248
add, ID = 70, 4398
add, ID = 71, 4237
add, ID = 72, 3998
add, ID = 73, 4078
add, ID = 74, 4088
add, ID = 75, 7454
add, ID = 76, 5019
add, ID = 77, 4578
add, ID = 78, 3857
add, ID = 79, 4268
add, ID = 80, 3937
add, ID = 81, 3767
add, ID = 82, 5110
add, ID = 83, 3967
add, ID = 84, 3937
add, ID = 85, 3797
add, ID = 86, 4137
add, ID = 87, 4117
add, ID = 88, 4358
add, ID = 89, 3887
add, ID = 90, 3767
add, ID = 91, 4038
add, ID = 92, 4348
add, ID = 93, 7193
add, ID = 94, 3887
add, ID = 95, 4208
add, ID = 96, 3877
add, ID = 97, 12062
add, ID = 98, 14968
add, ID = 99, 5710
remove, ID = 46, 9357
remove, ID = 90, 3116
remove, ID = 36, 134530
remove, ID = 90, 5781
remove, ID = 31, 9778
remove, ID = 34, 7463
remove, ID = 21, 2745
remove, ID = 25, 3115
remove, ID = 53, 8536
remove, ID = 74, 2444
set, ID = 85, 8356
set, ID = 39, 14046
set, ID = 45, 13725
set, ID = 83, 6653
set, ID = 27, 10470
set, ID = 49, 13856
set, ID = 9, 7894
set, ID = 7, 5641
set, ID = 18, 6742
addTotalCount = 90
addTotalTime = 891903
addMedianTime = 9910
removeTotalCount = 9.0
removeTotalTime = 186865
removeMedianTime = 20762.777777777777
setTotalCount = 9.0
setTotalTime = 87383
setMedianTime = 9709.222222222223
Totaltime = 26205641
