19:11:2023 22:47:45 
add, ID = 0, 18965
add, ID = 1, 7835
add, ID = 2, 3967
add, ID = 3, 5290
add, ID = 4, 6662
add, ID = 5, 4088
add, ID = 6, 2865
add, ID = 7, 3096
add, ID = 8, 3176
add, ID = 9, 3366
add, ID = 10, 3035
add, ID = 11, 3136
add, ID = 12, 3486
add, ID = 13, 3276
add, ID = 14, 5921
add, ID = 15, 3045
add, ID = 16, 5460
add, ID = 17, 4949
add, ID = 18, 3056
add, ID = 19, 3667
add, ID = 20, 3005
add, ID = 21, 3096
add, ID = 22, 3016
add, ID = 23, 3266
add, ID = 24, 3376
add, ID = 25, 4999
add, ID = 26, 3256
add, ID = 27, 3918
add, ID = 28, 3456
add, ID = 29, 3417
add, ID = 30, 3356
add, ID = 31, 3496
add, ID = 32, 3226
add, ID = 33, 3236
add, ID = 34, 3206
add, ID = 35, 3166
add, ID = 36, 3216
add, ID = 37, 3006
add, ID = 38, 5811
add, ID = 39, 3086
add, ID = 40, 3396
add, ID = 41, 3135
add, ID = 42, 3076
add, ID = 43, 3105
add, ID = 44, 3937
add, ID = 45, 3647
add, ID = 46, 3586
add, ID = 47, 5560
add, ID = 48, 4789
add, ID = 49, 9718
add, ID = 50, 6091
add, ID = 51, 4919
add, ID = 52, 3626
add, ID = 53, 4127
add, ID = 54, 4418
add, ID = 55, 4087
add, ID = 56, 3627
add, ID = 57, 3056
add, ID = 58, 3186
add, ID = 59, 3236
add, ID = 60, 3066
add, ID = 61, 3116
add, ID = 62, 3026
add, ID = 63, 2986
add, ID = 64, 3837
add, ID = 65, 6853
add, ID = 66, 4799
add, ID = 67, 4468
add, ID = 68, 3396
add, ID = 69, 4388
add, ID = 70, 5720
add, ID = 71, 4949
add, ID = 72, 5230
add, ID = 73, 4408
add, ID = 74, 4589
add, ID = 75, 5451
add, ID = 76, 3276
add, ID = 77, 3046
add, ID = 78, 3075
add, ID = 79, 3797
add, ID = 80, 4268
add, ID = 81, 3095
add, ID = 82, 3166
add, ID = 83, 3606
add, ID = 84, 3476
add, ID = 85, 3066
add, ID = 86, 3536
add, ID = 87, 3166
add, ID = 88, 3517
add, ID = 89, 3706
add, ID = 90, 3156
add, ID = 91, 10279
add, ID = 92, 3356
add, ID = 93, 3256
add, ID = 94, 4418
add, ID = 95, 4268
add, ID = 96, 3747
add, ID = 97, 3036
add, ID = 98, 2986
add, ID = 99, 6622
add, ID = 100, 3036
add, ID = 101, 3396
add, ID = 102, 3626
add, ID = 103, 3346
add, ID = 104, 3447
add, ID = 105, 3005
add, ID = 106, 3075
add, ID = 107, 3115
add, ID = 108, 3166
add, ID = 109, 3005
add, ID = 110, 3346
add, ID = 111, 2976
add, ID = 112, 3106
add, ID = 113, 3166
add, ID = 114, 3006
add, ID = 115, 3186
add, ID = 116, 3426
add, ID = 117, 16230
add, ID = 118, 3697
add, ID = 119, 2996
add, ID = 120, 3046
add, ID = 121, 2906
add, ID = 122, 2796
add, ID = 123, 2925
add, ID = 124, 2795
add, ID = 125, 2835
add, ID = 126, 2895
add, ID = 127, 2895
add, ID = 128, 2945
add, ID = 129, 2866
add, ID = 130, 5900
add, ID = 131, 2876
add, ID = 132, 2965
add, ID = 133, 3065
add, ID = 134, 2786
add, ID = 135, 3036
add, ID = 136, 4098
add, ID = 137, 4158
add, ID = 138, 3467
add, ID = 139, 3427
add, ID = 140, 3286
add, ID = 141, 3446
add, ID = 142, 14427
add, ID = 143, 3777
add, ID = 144, 3617
add, ID = 145, 3657
add, ID = 146, 3627
add, ID = 147, 3647
add, ID = 148, 20778
add, ID = 149, 3296
add, ID = 150, 3647
add, ID = 151, 3186
add, ID = 152, 3246
add, ID = 153, 3166
add, ID = 154, 3326
add, ID = 155, 3316
add, ID = 156, 5641
add, ID = 157, 2325
add, ID = 158, 2034
add, ID = 159, 2334
add, ID = 160, 2184
add, ID = 161, 1684
add, ID = 162, 1693
add, ID = 163, 1833
add, ID = 164, 1843
add, ID = 165, 1783
add, ID = 166, 1773
add, ID = 167, 1763
add, ID = 168, 1843
add, ID = 169, 1693
add, ID = 170, 1753
add, ID = 171, 1793
add, ID = 172, 1834
add, ID = 173, 1804
add, ID = 174, 1763
add, ID = 175, 1773
add, ID = 176, 1833
add, ID = 177, 1744
add, ID = 178, 1764
add, ID = 179, 1683
add, ID = 180, 2385
add, ID = 181, 1804
add, ID = 182, 1744
add, ID = 183, 1784
add, ID = 184, 1954
add, ID = 185, 1954
add, ID = 186, 1834
add, ID = 187, 1763
add, ID = 188, 4228
add, ID = 189, 1813
add, ID = 190, 1764
add, ID = 191, 3817
add, ID = 192, 1854
add, ID = 193, 2084
add, ID = 194, 1964
add, ID = 195, 1774
add, ID = 196, 1713
add, ID = 197, 1743
add, ID = 198, 4428
add, ID = 199, 1833
add, ID = 200, 2184
add, ID = 201, 3988
add, ID = 202, 1713
add, ID = 203, 2956
add, ID = 204, 30346
add, ID = 205, 1653
add, ID = 206, 1653
add, ID = 207, 1673
add, ID = 208, 1703
add, ID = 209, 1813
add, ID = 210, 1633
add, ID = 211, 1794
add, ID = 212, 1663
add, ID = 213, 1734
add, ID = 214, 1683
add, ID = 215, 1683
add, ID = 216, 1753
add, ID = 217, 1764
add, ID = 218, 1753
add, ID = 219, 1764
add, ID = 220, 1673
add, ID = 221, 1673
add, ID = 222, 1823
add, ID = 223, 1944
add, ID = 224, 1733
add, ID = 225, 1713
add, ID = 226, 1694
add, ID = 227, 1834
add, ID = 228, 1673
add, ID = 229, 1703
add, ID = 230, 1673
add, ID = 231, 1884
add, ID = 232, 3637
add, ID = 233, 1833
add, ID = 234, 1643
add, ID = 235, 2023
add, ID = 236, 1673
add, ID = 237, 1713
add, ID = 238, 1754
add, ID = 239, 1683
add, ID = 240, 1733
add, ID = 241, 1673
add, ID = 242, 1694
add, ID = 243, 1633
add, ID = 244, 1713
add, ID = 245, 1653
add, ID = 246, 1863
add, ID = 247, 1733
add, ID = 248, 2024
add, ID = 249, 2074
add, ID = 250, 2064
add, ID = 251, 1713
add, ID = 252, 1833
add, ID = 253, 1783
add, ID = 254, 1973
add, ID = 255, 1773
add, ID = 256, 1774
add, ID = 257, 1743
add, ID = 258, 1703
add, ID = 259, 1763
add, ID = 260, 1884
add, ID = 261, 1923
add, ID = 262, 1944
add, ID = 263, 1774
add, ID = 264, 2916
add, ID = 265, 2495
add, ID = 266, 2074
add, ID = 267, 1834
add, ID = 268, 1903
add, ID = 269, 1863
add, ID = 270, 2124
add, ID = 271, 1923
add, ID = 272, 2785
add, ID = 273, 1853
add, ID = 274, 1874
add, ID = 275, 1773
add, ID = 276, 5089
add, ID = 277, 1793
add, ID = 278, 1753
add, ID = 279, 2945
add, ID = 280, 2034
add, ID = 281, 1823
add, ID = 282, 2395
add, ID = 283, 1844
add, ID = 284, 1923
add, ID = 285, 1854
add, ID = 286, 7504
add, ID = 287, 1973
add, ID = 288, 1863
add, ID = 289, 1854
add, ID = 290, 1733
add, ID = 291, 1723
add, ID = 292, 1703
add, ID = 293, 1953
add, ID = 294, 1793
add, ID = 295, 1733
add, ID = 296, 1653
add, ID = 297, 1713
add, ID = 298, 1693
add, ID = 299, 1923
add, ID = 300, 1684
add, ID = 301, 3676
add, ID = 302, 1803
add, ID = 303, 1824
add, ID = 304, 1694
add, ID = 305, 1723
add, ID = 306, 1783
add, ID = 307, 1874
add, ID = 308, 1733
add, ID = 309, 2264
add, ID = 310, 1674
add, ID = 311, 1964
add, ID = 312, 1663
add, ID = 313, 2294
add, ID = 314, 1703
add, ID = 315, 1713
add, ID = 316, 1813
add, ID = 317, 1894
add, ID = 318, 1713
add, ID = 319, 1653
add, ID = 320, 1724
add, ID = 321, 1613
add, ID = 322, 1703
add, ID = 323, 1703
add, ID = 324, 1573
add, ID = 325, 1784
add, ID = 326, 1773
add, ID = 327, 1663
add, ID = 328, 1823
add, ID = 329, 1903
add, ID = 330, 1744
add, ID = 331, 1804
add, ID = 332, 1703
add, ID = 333, 1643
add, ID = 334, 1743
add, ID = 335, 1603
add, ID = 336, 1603
add, ID = 337, 1654
add, ID = 338, 1873
add, ID = 339, 1654
add, ID = 340, 1683
add, ID = 341, 1593
add, ID = 342, 1703
add, ID = 343, 1774
add, ID = 344, 1803
add, ID = 345, 1973
add, ID = 346, 1673
add, ID = 347, 1784
add, ID = 348, 1764
add, ID = 349, 1743
add, ID = 350, 1713
add, ID = 351, 1833
add, ID = 352, 1814
add, ID = 353, 1743
add, ID = 354, 1814
add, ID = 355, 1603
add, ID = 356, 1833
add, ID = 357, 2053
add, ID = 358, 1713
add, ID = 359, 1783
add, ID = 360, 2004
add, ID = 361, 1783
add, ID = 362, 1843
add, ID = 363, 4949
add, ID = 364, 4378
add, ID = 365, 1703
add, ID = 366, 5180
add, ID = 367, 1923
add, ID = 368, 2625
add, ID = 369, 2454
add, ID = 370, 1853
add, ID = 371, 1753
add, ID = 372, 1783
add, ID = 373, 1813
add, ID = 374, 4248
add, ID = 375, 1723
add, ID = 376, 1793
add, ID = 377, 1834
add, ID = 378, 1813
add, ID = 379, 1954
add, ID = 380, 1683
add, ID = 381, 2134
add, ID = 382, 1693
add, ID = 383, 1743
add, ID = 384, 1833
add, ID = 385, 1663
add, ID = 386, 1883
add, ID = 387, 1773
add, ID = 388, 1743
add, ID = 389, 1643
add, ID = 390, 1794
add, ID = 391, 1653
add, ID = 392, 1703
add, ID = 393, 1813
add, ID = 394, 1744
add, ID = 395, 1843
add, ID = 396, 1673
add, ID = 397, 1643
add, ID = 398, 1703
add, ID = 399, 1603
add, ID = 400, 1663
add, ID = 401, 1733
add, ID = 402, 1733
add, ID = 403, 1663
add, ID = 404, 1643
add, ID = 405, 1673
add, ID = 406, 1753
add, ID = 407, 1653
add, ID = 408, 2154
add, ID = 409, 1713
add, ID = 410, 1713
add, ID = 411, 1903
add, ID = 412, 1713
add, ID = 413, 1934
add, ID = 414, 1673
add, ID = 415, 1733
add, ID = 416, 1673
add, ID = 417, 1924
add, ID = 418, 1713
add, ID = 419, 1733
add, ID = 420, 1713
add, ID = 421, 1693
add, ID = 422, 1723
add, ID = 423, 1903
add, ID = 424, 1683
add, ID = 425, 1643
add, ID = 426, 1753
add, ID = 427, 1663
add, ID = 428, 1643
add, ID = 429, 1623
add, ID = 430, 1643
add, ID = 431, 1824
add, ID = 432, 1623
add, ID = 433, 1803
add, ID = 434, 1593
add, ID = 435, 1793
add, ID = 436, 1633
add, ID = 437, 1964
add, ID = 438, 1553
add, ID = 439, 1884
add, ID = 440, 1663
add, ID = 441, 1623
add, ID = 442, 1523
add, ID = 443, 1764
add, ID = 444, 1703
add, ID = 445, 1664
add, ID = 446, 1744
add, ID = 447, 1663
add, ID = 448, 1593
add, ID = 449, 1693
add, ID = 450, 1743
add, ID = 451, 1763
add, ID = 452, 1633
add, ID = 453, 1804
add, ID = 454, 1593
add, ID = 455, 1583
add, ID = 456, 1693
add, ID = 457, 1773
add, ID = 458, 1673
add, ID = 459, 2184
add, ID = 460, 1914
add, ID = 461, 1653
add, ID = 462, 1623
add, ID = 463, 1613
add, ID = 464, 1653
add, ID = 465, 1763
add, ID = 466, 1623
add, ID = 467, 1703
add, ID = 468, 1753
add, ID = 469, 2004
add, ID = 470, 1774
add, ID = 471, 5089
add, ID = 472, 1653
add, ID = 473, 1653
add, ID = 474, 1633
add, ID = 475, 1683
add, ID = 476, 1603
add, ID = 477, 1773
add, ID = 478, 1693
add, ID = 479, 1824
add, ID = 480, 1633
add, ID = 481, 1603
add, ID = 482, 1703
add, ID = 483, 1713
add, ID = 484, 1664
add, ID = 485, 1824
add, ID = 486, 1684
add, ID = 487, 1683
add, ID = 488, 1593
add, ID = 489, 1673
add, ID = 490, 1603
add, ID = 491, 1603
add, ID = 492, 1603
add, ID = 493, 1774
add, ID = 494, 1673
add, ID = 495, 1674
add, ID = 496, 1664
add, ID = 497, 1773
add, ID = 498, 2004
add, ID = 499, 1794
add, ID = 500, 1703
add, ID = 501, 1773
add, ID = 502, 1593
add, ID = 503, 1773
add, ID = 504, 1963
add, ID = 505, 1683
add, ID = 506, 1613
add, ID = 507, 1643
add, ID = 508, 1703
add, ID = 509, 1733
add, ID = 510, 1703
add, ID = 511, 1633
add, ID = 512, 1603
add, ID = 513, 1713
add, ID = 514, 1833
add, ID = 515, 1613
add, ID = 516, 1703
add, ID = 517, 1664
add, ID = 518, 1633
add, ID = 519, 1603
add, ID = 520, 1683
add, ID = 521, 1683
add, ID = 522, 1773
add, ID = 523, 1573
add, ID = 524, 1673
add, ID = 525, 1743
add, ID = 526, 1683
add, ID = 527, 1633
add, ID = 528, 1833
add, ID = 529, 1793
add, ID = 530, 1613
add, ID = 531, 1603
add, ID = 532, 1753
add, ID = 533, 1703
add, ID = 534, 1663
add, ID = 535, 1723
add, ID = 536, 1633
add, ID = 537, 1663
add, ID = 538, 1643
add, ID = 539, 2094
add, ID = 540, 1823
add, ID = 541, 2515
add, ID = 542, 2815
add, ID = 543, 1673
add, ID = 544, 2104
add, ID = 545, 3336
add, ID = 546, 1734
add, ID = 547, 1723
add, ID = 548, 1753
add, ID = 549, 2124
add, ID = 550, 1663
add, ID = 551, 1714
add, ID = 552, 1703
add, ID = 553, 2415
add, ID = 554, 1753
add, ID = 555, 1663
add, ID = 556, 1783
add, ID = 557, 1864
add, ID = 558, 1934
add, ID = 559, 1843
add, ID = 560, 1844
add, ID = 561, 1694
add, ID = 562, 1844
add, ID = 563, 1763
add, ID = 564, 3988
add, ID = 565, 3597
add, ID = 566, 2906
add, ID = 567, 2184
add, ID = 568, 1734
add, ID = 569, 2003
add, ID = 570, 1904
add, ID = 571, 1633
add, ID = 572, 1783
add, ID = 573, 2244
add, ID = 574, 2214
add, ID = 575, 3376
add, ID = 576, 1964
add, ID = 577, 1773
add, ID = 578, 2094
add, ID = 579, 1683
add, ID = 580, 2004
add, ID = 581, 2184
add, ID = 582, 1693
add, ID = 583, 2504
add, ID = 584, 1583
add, ID = 585, 2344
add, ID = 586, 4178
add, ID = 587, 5079
add, ID = 588, 2004
add, ID = 589, 2255
add, ID = 590, 6342
add, ID = 591, 1784
add, ID = 592, 2334
add, ID = 593, 1693
add, ID = 594, 1854
add, ID = 595, 1833
add, ID = 596, 1713
add, ID = 597, 1683
add, ID = 598, 1723
add, ID = 599, 1713
add, ID = 600, 1673
add, ID = 601, 1863
add, ID = 602, 1863
add, ID = 603, 1753
add, ID = 604, 1763
add, ID = 605, 1743
add, ID = 606, 1804
add, ID = 607, 1883
add, ID = 608, 1713
add, ID = 609, 1653
add, ID = 610, 1734
add, ID = 611, 1593
add, ID = 612, 1823
add, ID = 613, 1784
add, ID = 614, 1793
add, ID = 615, 1743
add, ID = 616, 1653
add, ID = 617, 1673
add, ID = 618, 1733
add, ID = 619, 1673
add, ID = 620, 2014
add, ID = 621, 1753
add, ID = 622, 1673
add, ID = 623, 1633
add, ID = 624, 1703
add, ID = 625, 1673
add, ID = 626, 1703
add, ID = 627, 2054
add, ID = 628, 1834
add, ID = 629, 1633
add, ID = 630, 1713
add, ID = 631, 1703
add, ID = 632, 1743
add, ID = 633, 1654
add, ID = 634, 1663
add, ID = 635, 1743
add, ID = 636, 1673
add, ID = 637, 1603
add, ID = 638, 1583
add, ID = 639, 1633
add, ID = 640, 1633
add, ID = 641, 2013
add, ID = 642, 1613
add, ID = 643, 1723
add, ID = 644, 1783
add, ID = 645, 2103
add, ID = 646, 1693
add, ID = 647, 1593
add, ID = 648, 1683
add, ID = 649, 1754
add, ID = 650, 1763
add, ID = 651, 1663
add, ID = 652, 1633
add, ID = 653, 1673
add, ID = 654, 1703
add, ID = 655, 1663
add, ID = 656, 1764
add, ID = 657, 1693
add, ID = 658, 1673
add, ID = 659, 1673
add, ID = 660, 1864
add, ID = 661, 1744
add, ID = 662, 1713
add, ID = 663, 2064
add, ID = 664, 1773
add, ID = 665, 1804
add, ID = 666, 1804
add, ID = 667, 1733
add, ID = 668, 1633
add, ID = 669, 1743
add, ID = 670, 1724
add, ID = 671, 1833
add, ID = 672, 1703
add, ID = 673, 1664
add, ID = 674, 1723
add, ID = 675, 3927
add, ID = 676, 1813
add, ID = 677, 1663
add, ID = 678, 1663
add, ID = 679, 2114
add, ID = 680, 1704
add, ID = 681, 1703
add, ID = 682, 1713
add, ID = 683, 1853
add, ID = 684, 1813
add, ID = 685, 1673
add, ID = 686, 1753
add, ID = 687, 1823
add, ID = 688, 1733
add, ID = 689, 1753
add, ID = 690, 1753
add, ID = 691, 1743
add, ID = 692, 1683
add, ID = 693, 1693
add, ID = 694, 1603
add, ID = 695, 1573
add, ID = 696, 1863
add, ID = 697, 1674
add, ID = 698, 1753
add, ID = 699, 1743
add, ID = 700, 1904
add, ID = 701, 1824
add, ID = 702, 1633
add, ID = 703, 1683
add, ID = 704, 1773
add, ID = 705, 1744
add, ID = 706, 1663
add, ID = 707, 1734
add, ID = 708, 1713
add, ID = 709, 2004
add, ID = 710, 2936
add, ID = 711, 2014
add, ID = 712, 1572
add, ID = 713, 2194
add, ID = 714, 3707
add, ID = 715, 1983
add, ID = 716, 1593
add, ID = 717, 1723
add, ID = 718, 1573
add, ID = 719, 1683
add, ID = 720, 1673
add, ID = 721, 1734
add, ID = 722, 1593
add, ID = 723, 1613
add, ID = 724, 1723
add, ID = 725, 1794
add, ID = 726, 1973
add, ID = 727, 1713
add, ID = 728, 1724
add, ID = 729, 1643
add, ID = 730, 1623
add, ID = 731, 1663
add, ID = 732, 1693
add, ID = 733, 1944
add, ID = 734, 1853
add, ID = 735, 1753
add, ID = 736, 1753
add, ID = 737, 1683
add, ID = 738, 1693
add, ID = 739, 1834
add, ID = 740, 1683
add, ID = 741, 1763
add, ID = 742, 1774
add, ID = 743, 1863
add, ID = 744, 1693
add, ID = 745, 1763
add, ID = 746, 1803
add, ID = 747, 1723
add, ID = 748, 1713
add, ID = 749, 1774
add, ID = 750, 1734
add, ID = 751, 1623
add, ID = 752, 1724
add, ID = 753, 1743
add, ID = 754, 1744
add, ID = 755, 1754
add, ID = 756, 2504
add, ID = 757, 1973
add, ID = 758, 1683
add, ID = 759, 1633
add, ID = 760, 1723
add, ID = 761, 1713
add, ID = 762, 1813
add, ID = 763, 1804
add, ID = 764, 1744
add, ID = 765, 1663
add, ID = 766, 1663
add, ID = 767, 1834
add, ID = 768, 1743
add, ID = 769, 1964
add, ID = 770, 1673
add, ID = 771, 1733
add, ID = 772, 1703
add, ID = 773, 2214
add, ID = 774, 1834
add, ID = 775, 1673
add, ID = 776, 1663
add, ID = 777, 1824
add, ID = 778, 1853
add, ID = 779, 1774
add, ID = 780, 1733
add, ID = 781, 1834
add, ID = 782, 1703
add, ID = 783, 1713
add, ID = 784, 1713
add, ID = 785, 2194
add, ID = 786, 1844
add, ID = 787, 1733
add, ID = 788, 1773
add, ID = 789, 1693
add, ID = 790, 1703
add, ID = 791, 1824
add, ID = 792, 1733
add, ID = 793, 1773
add, ID = 794, 1623
add, ID = 795, 1773
add, ID = 796, 1673
add, ID = 797, 1653
add, ID = 798, 1753
add, ID = 799, 1783
add, ID = 800, 1633
add, ID = 801, 1603
add, ID = 802, 1713
add, ID = 803, 1603
add, ID = 804, 1643
add, ID = 805, 1613
add, ID = 806, 1673
add, ID = 807, 1653
add, ID = 808, 1533
add, ID = 809, 1693
add, ID = 810, 1623
add, ID = 811, 1683
add, ID = 812, 4228
add, ID = 813, 1733
add, ID = 814, 1673
add, ID = 815, 1633
add, ID = 816, 1623
add, ID = 817, 1643
add, ID = 818, 1694
add, ID = 819, 1743
add, ID = 820, 1683
add, ID = 821, 2204
add, ID = 822, 1814
add, ID = 823, 1753
add, ID = 824, 1703
add, ID = 825, 1703
add, ID = 826, 1744
add, ID = 827, 1653
add, ID = 828, 1733
add, ID = 829, 1793
add, ID = 830, 1693
add, ID = 831, 1843
add, ID = 832, 1693
add, ID = 833, 2545
add, ID = 834, 1994
add, ID = 835, 1734
add, ID = 836, 1743
add, ID = 837, 1743
add, ID = 838, 1743
add, ID = 839, 1734
add, ID = 840, 1713
add, ID = 841, 1773
add, ID = 842, 1793
add, ID = 843, 1764
add, ID = 844, 1733
add, ID = 845, 1753
add, ID = 846, 1743
add, ID = 847, 1674
add, ID = 848, 1683
add, ID = 849, 1673
add, ID = 850, 1713
add, ID = 851, 1813
add, ID = 852, 1733
add, ID = 853, 1683
add, ID = 854, 1673
add, ID = 855, 1724
add, ID = 856, 1713
add, ID = 857, 1703
add, ID = 858, 1623
add, ID = 859, 1613
add, ID = 860, 1653
add, ID = 861, 1714
add, ID = 862, 1743
add, ID = 863, 1684
add, ID = 864, 1643
add, ID = 865, 1643
add, ID = 866, 4368
add, ID = 867, 4288
add, ID = 868, 2194
add, ID = 869, 2264
add, ID = 870, 1613
add, ID = 871, 1814
add, ID = 872, 1653
add, ID = 873, 1744
add, ID = 874, 1663
add, ID = 875, 1653
add, ID = 876, 1834
add, ID = 877, 1653
add, ID = 878, 1613
add, ID = 879, 1603
add, ID = 880, 1643
add, ID = 881, 1553
add, ID = 882, 2674
add, ID = 883, 1663
add, ID = 884, 1603
add, ID = 885, 1553
add, ID = 886, 2244
add, ID = 887, 1724
add, ID = 888, 1703
add, ID = 889, 1843
add, ID = 890, 1873
add, ID = 891, 1904
add, ID = 892, 2444
add, ID = 893, 1803
add, ID = 894, 2224
add, ID = 895, 3677
add, ID = 896, 1963
add, ID = 897, 1773
add, ID = 898, 1774
add, ID = 899, 1724
add, ID = 900, 1623
add, ID = 901, 1793
add, ID = 902, 1673
add, ID = 903, 1753
add, ID = 904, 1773
add, ID = 905, 1633
add, ID = 906, 1704
add, ID = 907, 1784
add, ID = 908, 1723
add, ID = 909, 2014
add, ID = 910, 1953
add, ID = 911, 1723
add, ID = 912, 1613
add, ID = 913, 1683
add, ID = 914, 1663
add, ID = 915, 1653
add, ID = 916, 1693
add, ID = 917, 1724
add, ID = 918, 1713
add, ID = 919, 1774
add, ID = 920, 1943
add, ID = 921, 1623
add, ID = 922, 1703
add, ID = 923, 1773
add, ID = 924, 1673
add, ID = 925, 1733
add, ID = 926, 1723
add, ID = 927, 1683
add, ID = 928, 1753
add, ID = 929, 1754
add, ID = 930, 1713
add, ID = 931, 1684
add, ID = 932, 1693
add, ID = 933, 1813
add, ID = 934, 1573
add, ID = 935, 1704
add, ID = 936, 1563
add, ID = 937, 1734
add, ID = 938, 1704
add, ID = 939, 1843
add, ID = 940, 1703
add, ID = 941, 1683
add, ID = 942, 1673
add, ID = 943, 1693
add, ID = 944, 1653
add, ID = 945, 1653
add, ID = 946, 1613
add, ID = 947, 1703
add, ID = 948, 1663
add, ID = 949, 1633
add, ID = 950, 1613
add, ID = 951, 1563
add, ID = 952, 1733
add, ID = 953, 1653
add, ID = 954, 1623
add, ID = 955, 1623
add, ID = 956, 1593
add, ID = 957, 2665
add, ID = 958, 1734
add, ID = 959, 1663
add, ID = 960, 1683
add, ID = 961, 1674
add, ID = 962, 1653
add, ID = 963, 1683
add, ID = 964, 1623
add, ID = 965, 1583
add, ID = 966, 1603
add, ID = 967, 1603
add, ID = 968, 1643
add, ID = 969, 1663
add, ID = 970, 1603
add, ID = 971, 1723
add, ID = 972, 1773
add, ID = 973, 1693
add, ID = 974, 1553
add, ID = 975, 1653
add, ID = 976, 1623
add, ID = 977, 1673
add, ID = 978, 1683
add, ID = 979, 1643
add, ID = 980, 1983
add, ID = 981, 1784
add, ID = 982, 1683
add, ID = 983, 1804
add, ID = 984, 1703
add, ID = 985, 1763
add, ID = 986, 1723
add, ID = 987, 2144
add, ID = 988, 2414
add, ID = 989, 1754
add, ID = 990, 1863
add, ID = 991, 1854
add, ID = 992, 1784
add, ID = 993, 1723
add, ID = 994, 1903
add, ID = 995, 1783
add, ID = 996, 1763
add, ID = 997, 1714
add, ID = 998, 1684
add, ID = 999, 1803
remove, ID = 375, 50514
remove, ID = 992, 2855
remove, ID = 121, 3938
remove, ID = 597, 61394
remove, ID = 524, 23553
remove, ID = 224, 14417
remove, ID = 656, 11110
remove, ID = 54, 2985
remove, ID = 983, 2254
remove, ID = 581, 15399
remove, ID = 221, 14387
remove, ID = 144, 4779
remove, ID = 911, 4739
remove, ID = 354, 26569
remove, ID = 177, 5721
remove, ID = 408, 21520
remove, ID = 742, 20548
remove, ID = 156, 5590
remove, ID = 769, 7284
remove, ID = 664, 21520
remove, ID = 648, 12032
remove, ID = 27, 2565
remove, ID = 174, 8115
remove, ID = 227, 10209
remove, ID = 686, 16130
remove, ID = 104, 3927
remove, ID = 97, 3787
remove, ID = 972, 1994
remove, ID = 424, 33151
remove, ID = 739, 9247
remove, ID = 636, 14406
remove, ID = 448, 16350
remove, ID = 207, 6492
remove, ID = 68, 3106
remove, ID = 106, 5791
remove, ID = 429, 14046
remove, ID = 289, 8405
remove, ID = 421, 13275
remove, ID = 946, 3646
remove, ID = 822, 15669
remove, ID = 63, 3115
remove, ID = 744, 13475
remove, ID = 344, 13806
remove, ID = 313, 10740
remove, ID = 469, 20407
remove, ID = 636, 26038
remove, ID = 441, 14788
remove, ID = 460, 13846
remove, ID = 571, 23603
remove, ID = 296, 8847
remove, ID = 244, 8196
remove, ID = 849, 6842
remove, ID = 64, 3166
remove, ID = 150, 7895
remove, ID = 181, 6342
remove, ID = 325, 19396
remove, ID = 83, 4258
remove, ID = 424, 30947
remove, ID = 481, 79468
remove, ID = 407, 25137
remove, ID = 393, 13455
remove, ID = 304, 8516
remove, ID = 201, 6382
remove, ID = 469, 52508
remove, ID = 153, 5209
remove, ID = 673, 8656
remove, ID = 487, 14527
remove, ID = 611, 9668
remove, ID = 360, 23343
remove, ID = 88, 3857
remove, ID = 44, 2945
remove, ID = 523, 19075
remove, ID = 82, 3296
remove, ID = 870, 2955
remove, ID = 777, 5340
remove, ID = 865, 3096
remove, ID = 267, 18664
remove, ID = 536, 22251
remove, ID = 904, 2294
remove, ID = 99, 3887
remove, ID = 803, 4549
remove, ID = 46, 2785
remove, ID = 158, 6873
remove, ID = 897, 2525
remove, ID = 303, 18785
remove, ID = 287, 24586
remove, ID = 824, 9888
remove, ID = 572, 38431
remove, ID = 180, 10029
remove, ID = 580, 12693
remove, ID = 435, 32691
set, ID = 718, 10439
set, ID = 66, 4128
set, ID = 126, 3627
set, ID = 501, 27581
set, ID = 763, 4809
set, ID = 100, 3085
set, ID = 848, 3407
set, ID = 396, 26099
set, ID = 320, 6833
set, ID = 251, 5169
set, ID = 880, 3717
set, ID = 721, 8446
set, ID = 4, 2785
set, ID = 223, 5460
set, ID = 84, 2655
set, ID = 308, 12383
set, ID = 37, 3366
set, ID = 102, 2755
set, ID = 207, 8696
set, ID = 559, 47619
set, ID = 35, 2545
set, ID = 281, 10740
set, ID = 56, 2505
set, ID = 891, 3887
set, ID = 600, 16551
set, ID = 774, 4478
set, ID = 178, 5139
set, ID = 675, 7484
set, ID = 623, 8085
set, ID = 170, 4889
set, ID = 330, 25427
set, ID = 471, 50875
set, ID = 467, 10881
set, ID = 96, 4178
set, ID = 668, 6702
set, ID = 4, 2474
set, ID = 620, 8286
set, ID = 293, 30727
set, ID = 490, 23423
set, ID = 79, 3426
set, ID = 510, 10920
set, ID = 120, 4188
set, ID = 760, 4859
set, ID = 133, 5680
set, ID = 729, 5761
set, ID = 174, 11631
set, ID = 96, 8626
set, ID = 35, 7744
set, ID = 680, 22222
set, ID = 581, 24876
set, ID = 133, 7213
set, ID = 114, 3637
set, ID = 597, 10290
set, ID = 646, 6101
set, ID = 627, 6121
set, ID = 466, 40896
set, ID = 822, 6722
set, ID = 248, 28152
set, ID = 831, 5991
set, ID = 361, 25968
set, ID = 589, 31709
set, ID = 267, 10550
set, ID = 468, 29996
set, ID = 256, 6843
set, ID = 609, 8666
set, ID = 77, 2524
set, ID = 132, 3576
set, ID = 890, 2815
set, ID = 345, 19656
set, ID = 317, 6692
set, ID = 435, 17933
set, ID = 197, 4568
set, ID = 126, 3466
set, ID = 890, 3266
set, ID = 10, 3507
set, ID = 183, 5150
set, ID = 39, 2575
set, ID = 584, 44813
set, ID = 551, 12613
set, ID = 223, 10520
set, ID = 237, 5880
set, ID = 99, 2594
set, ID = 645, 9237
set, ID = 51, 3427
set, ID = 229, 8646
set, ID = 706, 7704
set, ID = 63, 2745
set, ID = 416, 43400
set, ID = 75, 2875
set, ID = 217, 4748
set, ID = 382, 8455
addTotalCount = 909
addTotalTime = 2242745
addMedianTime = 2467
removeTotalCount = 90.9
removeTotalTime = 1257490
removeMedianTime = 13833.773377337733
setTotalCount = 90.9
setTotalTime = 1004508
setMedianTime = 11050.69306930693
Totaltime = 81027776
