19:11:2023 14:47:34 
add, ID = 0, 20400
add, ID = 1, 13100
add, ID = 2, 13000
add, ID = 3, 11100
add, ID = 4, 8600
add, ID = 5, 15500
add, ID = 6, 14400
add, ID = 7, 10000
add, ID = 8, 15200
add, ID = 9, 13400
add, ID = 10, 25700
add, ID = 11, 15900
add, ID = 12, 11400
add, ID = 13, 15800
add, ID = 14, 16400
add, ID = 15, 31700
add, ID = 16, 17000
add, ID = 17, 52100
add, ID = 18, 4700
add, ID = 19, 5100
add, ID = 20, 6500
add, ID = 21, 5600
add, ID = 22, 6300
add, ID = 23, 10900
add, ID = 24, 11800
add, ID = 25, 14700
add, ID = 26, 16900
add, ID = 27, 8500
add, ID = 28, 9500
add, ID = 29, 14300
add, ID = 30, 22400
add, ID = 31, 24900
add, ID = 32, 24600
add, ID = 33, 27400
add, ID = 34, 32900
add, ID = 35, 66000
add, ID = 36, 20900
add, ID = 37, 35900
add, ID = 38, 25000
add, ID = 39, 23100
add, ID = 40, 17400
add, ID = 41, 20400
add, ID = 42, 16600
add, ID = 43, 14300
add, ID = 44, 16000
add, ID = 45, 18800
add, ID = 46, 24400
add, ID = 47, 25500
add, ID = 48, 11000
add, ID = 49, 19900
add, ID = 50, 31500
add, ID = 51, 12300
add, ID = 52, 10300
add, ID = 53, 13900
add, ID = 54, 17200
add, ID = 55, 15800
add, ID = 56, 19600
add, ID = 57, 22900
add, ID = 58, 15000
add, ID = 59, 13700
add, ID = 60, 9800
add, ID = 61, 20200
add, ID = 62, 12500
add, ID = 63, 14800
add, ID = 64, 27200
add, ID = 65, 17500
add, ID = 66, 21200
add, ID = 67, 20700
add, ID = 68, 19200
add, ID = 69, 16500
add, ID = 70, 18800
add, ID = 71, 21700
add, ID = 72, 15400
add, ID = 73, 16500
add, ID = 74, 16700
add, ID = 75, 16500
add, ID = 76, 17400
add, ID = 77, 20100
add, ID = 78, 20500
add, ID = 79, 18000
add, ID = 80, 15500
add, ID = 81, 18100
add, ID = 82, 15100
add, ID = 83, 17300
add, ID = 84, 15300
add, ID = 85, 21200
add, ID = 86, 20400
add, ID = 87, 25300
add, ID = 88, 22500
add, ID = 89, 17600
add, ID = 90, 22000
add, ID = 91, 14700
add, ID = 92, 15600
add, ID = 93, 12900
add, ID = 94, 12900
add, ID = 95, 17700
add, ID = 96, 15500
add, ID = 97, 18700
add, ID = 98, 15700
add, ID = 99, 14000
add, ID = 100, 43600
add, ID = 101, 28300
add, ID = 102, 17800
add, ID = 103, 12400
add, ID = 104, 11800
add, ID = 105, 13000
add, ID = 106, 11200
add, ID = 107, 21800
add, ID = 108, 21500
add, ID = 109, 22800
add, ID = 110, 18000
add, ID = 111, 12000
add, ID = 112, 11600
add, ID = 113, 12100
add, ID = 114, 11900
add, ID = 115, 13600
add, ID = 116, 14700
add, ID = 117, 14400
add, ID = 118, 17900
add, ID = 119, 46300
add, ID = 120, 16500
add, ID = 121, 13800
add, ID = 122, 16700
add, ID = 123, 15500
add, ID = 124, 9900
add, ID = 125, 14200
add, ID = 126, 17000
add, ID = 127, 19000
add, ID = 128, 22000
add, ID = 129, 65700
add, ID = 130, 19300
add, ID = 131, 23000
add, ID = 132, 20300
add, ID = 133, 16900
add, ID = 134, 21600
add, ID = 135, 25700
add, ID = 136, 17200
add, ID = 137, 18400
add, ID = 138, 18900
add, ID = 139, 21600
add, ID = 140, 18000
add, ID = 141, 23000
add, ID = 142, 12900
add, ID = 143, 41900
add, ID = 144, 16100
add, ID = 145, 13800
add, ID = 146, 13500
add, ID = 147, 14700
add, ID = 148, 10400
add, ID = 149, 9300
add, ID = 150, 11600
add, ID = 151, 19000
add, ID = 152, 13400
add, ID = 153, 13900
add, ID = 154, 13400
add, ID = 155, 10600
add, ID = 156, 18200
add, ID = 157, 9700
add, ID = 158, 8400
add, ID = 159, 6100
add, ID = 160, 9400
add, ID = 161, 9300
add, ID = 162, 7800
add, ID = 163, 12700
add, ID = 164, 8100
add, ID = 165, 7000
add, ID = 166, 9300
add, ID = 167, 11000
add, ID = 168, 12900
add, ID = 169, 14900
add, ID = 170, 11700
add, ID = 171, 10100
add, ID = 172, 14800
add, ID = 173, 12100
add, ID = 174, 15800
add, ID = 175, 21300
add, ID = 176, 20100
add, ID = 177, 23000
add, ID = 178, 18200
add, ID = 179, 12000
add, ID = 180, 29900
add, ID = 181, 16600
add, ID = 182, 15500
add, ID = 183, 12500
add, ID = 184, 9900
add, ID = 185, 9800
add, ID = 186, 12800
add, ID = 187, 17000
add, ID = 188, 13600
add, ID = 189, 8600
add, ID = 190, 8700
add, ID = 191, 9400
add, ID = 192, 17800
add, ID = 193, 31300
add, ID = 194, 27700
add, ID = 195, 36900
add, ID = 196, 27900
add, ID = 197, 12900
add, ID = 198, 17800
add, ID = 199, 10800
add, ID = 200, 11800
add, ID = 201, 8200
add, ID = 202, 8100
add, ID = 203, 14600
add, ID = 204, 17400
add, ID = 205, 34400
add, ID = 206, 17600
add, ID = 207, 17700
add, ID = 208, 13200
add, ID = 209, 15700
add, ID = 210, 18800
add, ID = 211, 15100
add, ID = 212, 16100
add, ID = 213, 23100
add, ID = 214, 21100
add, ID = 215, 31900
add, ID = 216, 35900
add, ID = 217, 20200
add, ID = 218, 57400
add, ID = 219, 22000
add, ID = 220, 19200
add, ID = 221, 39700
add, ID = 222, 34900
add, ID = 223, 22100
add, ID = 224, 19300
add, ID = 225, 22300
add, ID = 226, 22800
add, ID = 227, 21400
add, ID = 228, 18600
add, ID = 229, 17900
add, ID = 230, 15900
add, ID = 231, 14800
add, ID = 232, 22700
add, ID = 233, 49500
add, ID = 234, 22400
add, ID = 235, 25800
add, ID = 236, 27100
add, ID = 237, 29500
add, ID = 238, 23900
add, ID = 239, 39400
add, ID = 240, 22700
add, ID = 241, 19100
add, ID = 242, 26400
add, ID = 243, 22100
add, ID = 244, 23000
add, ID = 245, 11500
add, ID = 246, 17600
add, ID = 247, 16000
add, ID = 248, 20000
add, ID = 249, 18100
add, ID = 250, 25700
add, ID = 251, 24200
add, ID = 252, 18600
add, ID = 253, 26500
add, ID = 254, 14400
add, ID = 255, 14300
add, ID = 256, 19700
add, ID = 257, 27500
add, ID = 258, 21600
add, ID = 259, 15200
add, ID = 260, 37900
add, ID = 261, 12900
add, ID = 262, 23600
add, ID = 263, 15300
add, ID = 264, 23300
add, ID = 265, 21500
add, ID = 266, 15800
add, ID = 267, 18400
add, ID = 268, 21700
add, ID = 269, 19600
add, ID = 270, 19000
add, ID = 271, 21400
add, ID = 272, 35200
add, ID = 273, 21300
add, ID = 274, 24000
add, ID = 275, 27900
add, ID = 276, 23900
add, ID = 277, 24700
add, ID = 278, 26000
add, ID = 279, 20000
add, ID = 280, 17600
add, ID = 281, 17100
add, ID = 282, 18700
add, ID = 283, 20300
add, ID = 284, 18000
add, ID = 285, 13900
add, ID = 286, 14700
add, ID = 287, 18900
add, ID = 288, 21100
add, ID = 289, 16900
add, ID = 290, 14200
add, ID = 291, 11500
add, ID = 292, 16600
add, ID = 293, 12200
add, ID = 294, 11800
add, ID = 295, 19500
add, ID = 296, 16000
add, ID = 297, 16900
add, ID = 298, 22900
add, ID = 299, 20900
add, ID = 300, 15500
add, ID = 301, 13100
add, ID = 302, 14400
add, ID = 303, 20000
add, ID = 304, 12100
add, ID = 305, 12200
add, ID = 306, 19500
add, ID = 307, 12400
add, ID = 308, 16300
add, ID = 309, 18200
add, ID = 310, 14800
add, ID = 311, 12900
add, ID = 312, 22400
add, ID = 313, 12900
add, ID = 314, 13900
add, ID = 315, 17100
add, ID = 316, 17900
add, ID = 317, 26200
add, ID = 318, 18800
add, ID = 319, 14900
add, ID = 320, 32600
add, ID = 321, 16600
add, ID = 322, 14800
add, ID = 323, 25300
add, ID = 324, 29400
add, ID = 325, 22300
add, ID = 326, 15500
add, ID = 327, 20700
add, ID = 328, 20100
add, ID = 329, 22700
add, ID = 330, 20000
add, ID = 331, 20700
add, ID = 332, 20800
add, ID = 333, 23500
add, ID = 334, 46400
add, ID = 335, 30400
add, ID = 336, 102200
add, ID = 337, 47300
add, ID = 338, 59700
add, ID = 339, 55300
add, ID = 340, 44000
add, ID = 341, 33100
add, ID = 342, 31200
add, ID = 343, 44000
add, ID = 344, 38000
add, ID = 345, 23400
add, ID = 346, 39200
add, ID = 347, 40900
add, ID = 348, 31100
add, ID = 349, 23400
add, ID = 350, 20100
add, ID = 351, 26800
add, ID = 352, 30700
add, ID = 353, 21400
add, ID = 354, 32300
add, ID = 355, 38200
add, ID = 356, 29100
add, ID = 357, 27100
add, ID = 358, 23000
add, ID = 359, 19100
add, ID = 360, 23800
add, ID = 361, 23500
add, ID = 362, 25500
add, ID = 363, 30600
add, ID = 364, 34800
add, ID = 365, 29400
add, ID = 366, 31000
add, ID = 367, 25500
add, ID = 368, 34400
add, ID = 369, 43500
add, ID = 370, 28400
add, ID = 371, 28500
add, ID = 372, 28400
add, ID = 373, 20900
add, ID = 374, 28600
add, ID = 375, 22100
add, ID = 376, 19300
add, ID = 377, 24700
add, ID = 378, 20900
add, ID = 379, 19800
add, ID = 380, 19300
add, ID = 381, 25600
add, ID = 382, 20100
add, ID = 383, 28300
add, ID = 384, 31700
add, ID = 385, 29700
add, ID = 386, 26700
add, ID = 387, 25900
add, ID = 388, 25100
add, ID = 389, 24900
add, ID = 390, 17000
add, ID = 391, 20400
add, ID = 392, 22400
add, ID = 393, 28100
add, ID = 394, 26500
add, ID = 395, 27900
add, ID = 396, 25200
add, ID = 397, 26400
add, ID = 398, 26900
add, ID = 399, 22200
add, ID = 400, 29000
add, ID = 401, 21300
add, ID = 402, 21500
add, ID = 403, 22900
add, ID = 404, 21000
add, ID = 405, 39100
add, ID = 406, 26700
add, ID = 407, 24100
add, ID = 408, 18500
add, ID = 409, 21500
add, ID = 410, 16100
add, ID = 411, 19400
add, ID = 412, 16300
add, ID = 413, 13700
add, ID = 414, 23900
add, ID = 415, 15700
add, ID = 416, 29700
add, ID = 417, 26500
add, ID = 418, 22600
add, ID = 419, 21100
add, ID = 420, 27900
add, ID = 421, 27700
add, ID = 422, 21800
add, ID = 423, 20700
add, ID = 424, 16400
add, ID = 425, 25900
add, ID = 426, 23000
add, ID = 427, 18600
add, ID = 428, 27000
add, ID = 429, 25400
add, ID = 430, 23800
add, ID = 431, 36600
add, ID = 432, 23000
add, ID = 433, 18500
add, ID = 434, 17700
add, ID = 435, 22800
add, ID = 436, 33700
add, ID = 437, 37600
add, ID = 438, 32700
add, ID = 439, 21400
add, ID = 440, 21200
add, ID = 441, 21400
add, ID = 442, 29200
add, ID = 443, 25300
add, ID = 444, 22900
add, ID = 445, 29200
add, ID = 446, 19000
add, ID = 447, 29300
add, ID = 448, 28100
add, ID = 449, 43300
add, ID = 450, 21400
add, ID = 451, 24800
add, ID = 452, 28100
add, ID = 453, 20700
add, ID = 454, 24900
add, ID = 455, 24300
add, ID = 456, 28800
add, ID = 457, 30800
add, ID = 458, 21900
add, ID = 459, 25000
add, ID = 460, 19500
add, ID = 461, 25600
add, ID = 462, 20900
add, ID = 463, 23400
add, ID = 464, 31100
add, ID = 465, 27300
add, ID = 466, 55900
add, ID = 467, 24400
add, ID = 468, 39300
add, ID = 469, 23800
add, ID = 470, 58200
add, ID = 471, 31800
add, ID = 472, 24300
add, ID = 473, 28000
add, ID = 474, 22400
add, ID = 475, 39000
add, ID = 476, 21400
add, ID = 477, 32100
add, ID = 478, 26500
add, ID = 479, 24300
add, ID = 480, 22800
add, ID = 481, 25400
add, ID = 482, 23500
add, ID = 483, 19100
add, ID = 484, 33700
add, ID = 485, 21400
add, ID = 486, 17400
add, ID = 487, 23500
add, ID = 488, 18200
add, ID = 489, 33500
add, ID = 490, 29800
add, ID = 491, 19400
add, ID = 492, 18000
add, ID = 493, 29500
add, ID = 494, 27700
add, ID = 495, 27900
add, ID = 496, 24400
add, ID = 497, 25900
add, ID = 498, 20200
add, ID = 499, 26100
add, ID = 500, 23600
add, ID = 501, 23000
add, ID = 502, 26000
add, ID = 503, 25300
add, ID = 504, 20300
add, ID = 505, 19000
add, ID = 506, 26000
add, ID = 507, 24100
add, ID = 508, 24900
add, ID = 509, 30400
add, ID = 510, 24200
add, ID = 511, 28300
add, ID = 512, 25400
add, ID = 513, 19100
add, ID = 514, 28400
add, ID = 515, 18600
add, ID = 516, 22600
add, ID = 517, 20200
add, ID = 518, 16800
add, ID = 519, 20800
add, ID = 520, 20400
add, ID = 521, 19000
add, ID = 522, 20900
add, ID = 523, 17800
add, ID = 524, 15300
add, ID = 525, 11800
add, ID = 526, 22500
add, ID = 527, 30900
add, ID = 528, 33500
add, ID = 529, 41800
add, ID = 530, 30900
add, ID = 531, 16500
add, ID = 532, 19000
add, ID = 533, 21300
add, ID = 534, 21100
add, ID = 535, 25500
add, ID = 536, 20200
add, ID = 537, 24000
add, ID = 538, 20500
add, ID = 539, 28700
add, ID = 540, 23800
add, ID = 541, 30000
add, ID = 542, 22200
add, ID = 543, 27600
add, ID = 544, 22300
add, ID = 545, 23300
add, ID = 546, 27900
add, ID = 547, 26400
add, ID = 548, 25900
add, ID = 549, 41400
add, ID = 550, 63500
add, ID = 551, 30400
add, ID = 552, 23700
add, ID = 553, 27200
add, ID = 554, 22600
add, ID = 555, 24100
add, ID = 556, 38600
add, ID = 557, 22800
add, ID = 558, 28100
add, ID = 559, 19200
add, ID = 560, 23400
add, ID = 561, 21400
add, ID = 562, 29600
add, ID = 563, 20900
add, ID = 564, 34800
add, ID = 565, 33500
add, ID = 566, 61100
add, ID = 567, 53300
add, ID = 568, 44300
add, ID = 569, 43800
add, ID = 570, 39300
add, ID = 571, 26700
add, ID = 572, 37900
add, ID = 573, 27700
add, ID = 574, 28400
add, ID = 575, 24300
add, ID = 576, 30000
add, ID = 577, 24800
add, ID = 578, 36500
add, ID = 579, 35400
add, ID = 580, 42800
add, ID = 581, 23800
add, ID = 582, 28300
add, ID = 583, 57800
add, ID = 584, 16800
add, ID = 585, 26200
add, ID = 586, 23400
add, ID = 587, 16000
add, ID = 588, 18300
add, ID = 589, 15300
add, ID = 590, 15700
add, ID = 591, 14000
add, ID = 592, 20300
add, ID = 593, 15600
add, ID = 594, 23200
add, ID = 595, 11600
add, ID = 596, 21000
add, ID = 597, 11500
add, ID = 598, 24200
add, ID = 599, 15800
add, ID = 600, 14800
add, ID = 601, 22500
add, ID = 602, 15500
add, ID = 603, 12600
add, ID = 604, 18900
add, ID = 605, 13700
add, ID = 606, 21400
add, ID = 607, 18100
add, ID = 608, 27800
add, ID = 609, 27400
add, ID = 610, 22900
add, ID = 611, 14600
add, ID = 612, 23600
add, ID = 613, 21700
add, ID = 614, 16400
add, ID = 615, 16600
add, ID = 616, 26500
add, ID = 617, 23700
add, ID = 618, 31700
add, ID = 619, 25400
add, ID = 620, 23300
add, ID = 621, 21000
add, ID = 622, 20800
add, ID = 623, 23400
add, ID = 624, 26300
add, ID = 625, 23200
add, ID = 626, 21100
add, ID = 627, 23300
add, ID = 628, 22900
add, ID = 629, 25800
add, ID = 630, 20700
add, ID = 631, 29000
add, ID = 632, 26800
add, ID = 633, 21900
add, ID = 634, 23100
add, ID = 635, 25100
add, ID = 636, 25300
add, ID = 637, 29800
add, ID = 638, 27300
add, ID = 639, 27800
add, ID = 640, 27500
add, ID = 641, 20000
add, ID = 642, 25800
add, ID = 643, 35400
add, ID = 644, 27000
add, ID = 645, 26700
add, ID = 646, 28900
add, ID = 647, 26200
add, ID = 648, 17500
add, ID = 649, 18100
add, ID = 650, 20000
add, ID = 651, 26900
add, ID = 652, 31800
add, ID = 653, 37900
add, ID = 654, 25100
add, ID = 655, 25300
add, ID = 656, 23600
add, ID = 657, 31600
add, ID = 658, 28800
add, ID = 659, 27600
add, ID = 660, 27400
add, ID = 661, 29600
add, ID = 662, 30700
add, ID = 663, 29200
add, ID = 664, 25100
add, ID = 665, 25500
add, ID = 666, 23800
add, ID = 667, 24300
add, ID = 668, 26100
add, ID = 669, 21900
add, ID = 670, 23900
add, ID = 671, 19500
add, ID = 672, 22200
add, ID = 673, 29800
add, ID = 674, 27700
add, ID = 675, 32300
add, ID = 676, 31700
add, ID = 677, 51600
add, ID = 678, 34100
add, ID = 679, 23700
add, ID = 680, 19600
add, ID = 681, 21500
add, ID = 682, 31000
add, ID = 683, 22700
add, ID = 684, 22100
add, ID = 685, 33900
add, ID = 686, 32600
add, ID = 687, 33100
add, ID = 688, 22900
add, ID = 689, 26500
add, ID = 690, 23400
add, ID = 691, 22700
add, ID = 692, 25800
add, ID = 693, 28500
add, ID = 694, 38200
add, ID = 695, 21300
add, ID = 696, 23800
add, ID = 697, 22500
add, ID = 698, 26800
add, ID = 699, 31400
add, ID = 700, 32000
add, ID = 701, 59000
add, ID = 702, 20500
add, ID = 703, 12900
add, ID = 704, 12500
add, ID = 705, 11500
add, ID = 706, 16000
add, ID = 707, 24100
add, ID = 708, 23900
add, ID = 709, 24700
add, ID = 710, 20300
add, ID = 711, 25100
add, ID = 712, 17700
add, ID = 713, 26300
add, ID = 714, 25700
add, ID = 715, 21500
add, ID = 716, 30200
add, ID = 717, 27900
add, ID = 718, 28900
add, ID = 719, 28800
add, ID = 720, 35900
add, ID = 721, 33300
add, ID = 722, 28300
add, ID = 723, 24800
add, ID = 724, 25400
add, ID = 725, 24200
add, ID = 726, 32100
add, ID = 727, 30700
add, ID = 728, 22100
add, ID = 729, 21300
add, ID = 730, 20000
add, ID = 731, 22800
add, ID = 732, 23500
add, ID = 733, 21700
add, ID = 734, 25000
add, ID = 735, 18300
add, ID = 736, 19500
add, ID = 737, 18400
add, ID = 738, 19200
add, ID = 739, 22000
add, ID = 740, 21400
add, ID = 741, 15600
add, ID = 742, 16300
add, ID = 743, 17500
add, ID = 744, 21600
add, ID = 745, 23900
add, ID = 746, 17300
add, ID = 747, 19600
add, ID = 748, 24300
add, ID = 749, 23700
add, ID = 750, 22500
add, ID = 751, 18700
add, ID = 752, 19300
add, ID = 753, 20300
add, ID = 754, 16200
add, ID = 755, 25600
add, ID = 756, 31500
add, ID = 757, 25600
add, ID = 758, 30600
add, ID = 759, 20000
add, ID = 760, 17600
add, ID = 761, 21200
add, ID = 762, 15000
add, ID = 763, 16300
add, ID = 764, 17300
add, ID = 765, 31300
add, ID = 766, 24000
add, ID = 767, 15400
add, ID = 768, 23400
add, ID = 769, 22300
add, ID = 770, 22800
add, ID = 771, 19100
add, ID = 772, 14200
add, ID = 773, 30400
add, ID = 774, 22300
add, ID = 775, 17100
add, ID = 776, 24200
add, ID = 777, 20600
add, ID = 778, 25400
add, ID = 779, 17700
add, ID = 780, 17900
add, ID = 781, 19700
add, ID = 782, 22200
add, ID = 783, 19800
add, ID = 784, 18900
add, ID = 785, 18000
add, ID = 786, 24000
add, ID = 787, 26600
add, ID = 788, 18000
add, ID = 789, 20300
add, ID = 790, 18000
add, ID = 791, 22100
add, ID = 792, 22700
add, ID = 793, 25700
add, ID = 794, 23100
add, ID = 795, 23300
add, ID = 796, 16800
add, ID = 797, 18200
add, ID = 798, 15500
add, ID = 799, 15200
add, ID = 800, 12400
add, ID = 801, 13000
add, ID = 802, 16700
add, ID = 803, 19000
add, ID = 804, 17600
add, ID = 805, 16200
add, ID = 806, 12900
add, ID = 807, 17500
add, ID = 808, 16200
add, ID = 809, 12300
add, ID = 810, 14100
add, ID = 811, 13700
add, ID = 812, 21500
add, ID = 813, 14700
add, ID = 814, 14200
add, ID = 815, 24700
add, ID = 816, 18500
add, ID = 817, 16200
add, ID = 818, 20100
add, ID = 819, 24000
add, ID = 820, 19500
add, ID = 821, 15600
add, ID = 822, 19800
add, ID = 823, 24400
add, ID = 824, 15300
add, ID = 825, 18600
add, ID = 826, 18700
add, ID = 827, 16900
add, ID = 828, 15300
add, ID = 829, 12800
add, ID = 830, 21500
add, ID = 831, 23000
add, ID = 832, 16600
add, ID = 833, 22100
add, ID = 834, 22000
add, ID = 835, 22100
add, ID = 836, 22100
add, ID = 837, 31300
add, ID = 838, 20900
add, ID = 839, 18100
add, ID = 840, 14900
add, ID = 841, 21700
add, ID = 842, 21100
add, ID = 843, 24500
add, ID = 844, 22100
add, ID = 845, 24000
add, ID = 846, 22400
add, ID = 847, 17900
add, ID = 848, 18500
add, ID = 849, 23200
add, ID = 850, 33100
add, ID = 851, 16200
add, ID = 852, 21700
add, ID = 853, 21300
add, ID = 854, 22000
add, ID = 855, 25000
add, ID = 856, 20500
add, ID = 857, 14800
add, ID = 858, 26900
add, ID = 859, 17500
add, ID = 860, 19900
add, ID = 861, 24600
add, ID = 862, 31600
add, ID = 863, 28200
add, ID = 864, 31800
add, ID = 865, 20500
add, ID = 866, 26300
add, ID = 867, 21200
add, ID = 868, 30000
add, ID = 869, 19800
add, ID = 870, 21900
add, ID = 871, 26500
add, ID = 872, 18500
add, ID = 873, 21100
add, ID = 874, 18900
add, ID = 875, 20200
add, ID = 876, 19400
add, ID = 877, 22400
add, ID = 878, 19700
add, ID = 879, 22700
add, ID = 880, 30900
add, ID = 881, 24200
add, ID = 882, 24500
add, ID = 883, 24600
add, ID = 884, 22700
add, ID = 885, 26400
add, ID = 886, 26800
add, ID = 887, 24600
add, ID = 888, 24300
add, ID = 889, 29200
add, ID = 890, 19700
add, ID = 891, 29100
add, ID = 892, 35800
add, ID = 893, 23800
add, ID = 894, 26800
add, ID = 895, 24300
add, ID = 896, 35500
add, ID = 897, 34900
add, ID = 898, 20400
add, ID = 899, 17600
add, ID = 900, 24700
add, ID = 901, 26300
add, ID = 902, 21600
add, ID = 903, 28700
add, ID = 904, 21000
add, ID = 905, 20900
add, ID = 906, 20200
add, ID = 907, 25600
add, ID = 908, 17100
add, ID = 909, 21200
add, ID = 910, 20400
add, ID = 911, 20700
add, ID = 912, 23600
add, ID = 913, 20900
add, ID = 914, 20300
add, ID = 915, 19500
add, ID = 916, 23700
add, ID = 917, 29000
add, ID = 918, 19900
add, ID = 919, 22000
add, ID = 920, 42700
add, ID = 921, 24600
add, ID = 922, 24400
add, ID = 923, 21100
add, ID = 924, 22800
add, ID = 925, 19100
add, ID = 926, 15200
add, ID = 927, 16600
add, ID = 928, 23700
add, ID = 929, 20600
add, ID = 930, 21900
add, ID = 931, 20200
add, ID = 932, 20700
add, ID = 933, 22200
add, ID = 934, 17400
add, ID = 935, 22000
add, ID = 936, 19900
add, ID = 937, 24000
add, ID = 938, 27800
add, ID = 939, 23100
add, ID = 940, 28300
add, ID = 941, 17300
add, ID = 942, 39400
add, ID = 943, 19200
add, ID = 944, 17200
add, ID = 945, 22800
add, ID = 946, 16200
add, ID = 947, 22700
add, ID = 948, 19400
add, ID = 949, 22200
add, ID = 950, 21000
add, ID = 951, 21500
add, ID = 952, 26000
add, ID = 953, 17100
add, ID = 954, 13100
add, ID = 955, 14800
add, ID = 956, 16400
add, ID = 957, 21000
add, ID = 958, 25800
add, ID = 959, 37100
add, ID = 960, 25900
add, ID = 961, 22900
add, ID = 962, 29100
add, ID = 963, 23700
add, ID = 964, 25500
add, ID = 965, 37400
add, ID = 966, 34600
add, ID = 967, 35900
add, ID = 968, 27700
add, ID = 969, 20800
add, ID = 970, 21300
add, ID = 971, 23800
add, ID = 972, 22400
add, ID = 973, 16700
add, ID = 974, 30900
add, ID = 975, 23400
add, ID = 976, 23000
add, ID = 977, 21700
add, ID = 978, 21200
add, ID = 979, 24100
add, ID = 980, 27700
add, ID = 981, 24600
add, ID = 982, 26900
add, ID = 983, 30900
add, ID = 984, 30700
add, ID = 985, 21300
add, ID = 986, 24000
add, ID = 987, 20600
add, ID = 988, 21000
add, ID = 989, 25600
add, ID = 990, 28200
add, ID = 991, 21200
add, ID = 992, 28400
add, ID = 993, 25800
add, ID = 994, 31200
add, ID = 995, 23200
add, ID = 996, 18900
add, ID = 997, 31000
add, ID = 998, 21200
add, ID = 999, 29000
remove, ID = 956, 29200
remove, ID = 538, 32200
remove, ID = 376, 24300
remove, ID = 848, 26700
remove, ID = 512, 37600
remove, ID = 467, 19500
remove, ID = 653, 24400
remove, ID = 779, 20700
remove, ID = 181, 23500
remove, ID = 773, 21200
remove, ID = 0, 39000
remove, ID = 757, 25900
remove, ID = 10, 34800
remove, ID = 780, 22800
remove, ID = 13, 19900
remove, ID = 900, 26300
remove, ID = 502, 26200
remove, ID = 285, 26200
remove, ID = 295, 29500
remove, ID = 389, 20000
remove, ID = 916, 21100
remove, ID = 978, 14300
remove, ID = 965, 20100
remove, ID = 778, 21800
remove, ID = 419, 30700
remove, ID = 27, 26100
remove, ID = 675, 27800
remove, ID = 126, 22500
remove, ID = 938, 22400
remove, ID = 388, 16400
remove, ID = 400, 20000
remove, ID = 762, 24700
remove, ID = 833, 16200
remove, ID = 892, 28800
remove, ID = 31, 30500
remove, ID = 247, 25700
remove, ID = 6, 23400
remove, ID = 956, 25000
remove, ID = 86, 19700
remove, ID = 607, 21800
remove, ID = 934, 21100
remove, ID = 20, 23900
remove, ID = 328, 25100
remove, ID = 37, 20100
remove, ID = 29, 24400
remove, ID = 157, 22300
remove, ID = 273, 23000
remove, ID = 485, 22700
remove, ID = 221, 20700
remove, ID = 117, 21200
remove, ID = 206, 24100
remove, ID = 948, 19500
remove, ID = 835, 27900
remove, ID = 306, 21900
remove, ID = 288, 18200
remove, ID = 612, 25300
remove, ID = 272, 27100
remove, ID = 588, 23500
remove, ID = 486, 30100
remove, ID = 794, 30500
remove, ID = 638, 35300
remove, ID = 388, 24600
remove, ID = 610, 43700
remove, ID = 866, 27300
remove, ID = 380, 24800
remove, ID = 598, 18600
remove, ID = 349, 35100
remove, ID = 767, 21800
remove, ID = 92, 28400
remove, ID = 202, 20100
remove, ID = 393, 19900
remove, ID = 51, 21500
remove, ID = 624, 28400
remove, ID = 101, 25100
remove, ID = 356, 25100
remove, ID = 105, 15800
remove, ID = 148, 26700
remove, ID = 93, 33800
remove, ID = 276, 23500
remove, ID = 595, 18100
remove, ID = 237, 34600
remove, ID = 158, 29600
remove, ID = 331, 35200
remove, ID = 217, 20400
remove, ID = 656, 17000
remove, ID = 100, 23000
remove, ID = 304, 16400
remove, ID = 823, 12200
remove, ID = 854, 18200
remove, ID = 170, 15700
remove, ID = 277, 11600
set, ID = 646, 23900
set, ID = 383, 30600
set, ID = 69, 43000
set, ID = 873, 22200
set, ID = 89, 25600
set, ID = 134, 15600
set, ID = 872, 15800
set, ID = 627, 18400
set, ID = 704, 28200
set, ID = 272, 16900
set, ID = 637, 29900
set, ID = 202, 22200
set, ID = 828, 22200
set, ID = 854, 19100
set, ID = 37, 24300
set, ID = 635, 22700
set, ID = 159, 22200
set, ID = 585, 22400
set, ID = 354, 27800
set, ID = 228, 23000
set, ID = 484, 31200
set, ID = 325, 24000
set, ID = 648, 22400
set, ID = 742, 18000
set, ID = 337, 20700
set, ID = 846, 19500
set, ID = 155, 20000
set, ID = 880, 24400
set, ID = 379, 24100
set, ID = 800, 24500
set, ID = 213, 26100
set, ID = 713, 23300
set, ID = 317, 27800
set, ID = 879, 38000
set, ID = 156, 23300
set, ID = 807, 28100
set, ID = 570, 25900
set, ID = 684, 25800
set, ID = 426, 27000
set, ID = 827, 23800
set, ID = 376, 41100
set, ID = 606, 28500
set, ID = 335, 24800
set, ID = 288, 22000
set, ID = 357, 20200
set, ID = 822, 33400
set, ID = 364, 21500
set, ID = 65, 21100
set, ID = 686, 26300
set, ID = 159, 21200
set, ID = 713, 19400
set, ID = 548, 18500
set, ID = 587, 23400
set, ID = 523, 24900
set, ID = 211, 17800
set, ID = 421, 25600
set, ID = 31, 20000
set, ID = 238, 24800
set, ID = 500, 24700
set, ID = 246, 25600
set, ID = 864, 297200
set, ID = 719, 24700
set, ID = 707, 21700
set, ID = 173, 22600
set, ID = 388, 19300
set, ID = 352, 22300
set, ID = 176, 23100
set, ID = 895, 17900
set, ID = 386, 22000
set, ID = 199, 18800
set, ID = 714, 25900
set, ID = 106, 23600
set, ID = 414, 21800
set, ID = 645, 27900
set, ID = 890, 19500
set, ID = 163, 21000
set, ID = 278, 26500
set, ID = 652, 24400
set, ID = 903, 42800
set, ID = 714, 21600
set, ID = 488, 17600
set, ID = 767, 23600
set, ID = 893, 16300
set, ID = 870, 16800
set, ID = 423, 22100
set, ID = 170, 43900
set, ID = 777, 20000
set, ID = 778, 24100
set, ID = 731, 19500
set, ID = 192, 23200
set, ID = 513, 19600
addTotalCount = 909
addTotalTime = 22707700
addMedianTime = 24980
removeTotalCount = 90.9
removeTotalTime = 2213000
removeMedianTime = 24345.434543454343
setTotalCount = 90.9
setTotalTime = 2450000
setMedianTime = 26952.69526952695
Totaltime = 1181331700
