19:11:2023 14:47:33 
add, ID = 0, 38600
add, ID = 1, 18800
add, ID = 2, 23300
add, ID = 3, 14800
add, ID = 4, 16800
add, ID = 5, 17500
add, ID = 6, 26500
add, ID = 7, 18200
add, ID = 8, 21500
add, ID = 9, 23400
add, ID = 10, 21700
add, ID = 11, 25500
add, ID = 12, 24000
add, ID = 13, 31900
add, ID = 14, 36400
add, ID = 15, 28700
add, ID = 16, 19200
add, ID = 17, 27400
add, ID = 18, 117200
add, ID = 19, 28000
add, ID = 20, 20000
add, ID = 21, 22700
add, ID = 22, 21600
add, ID = 23, 20000
add, ID = 24, 18800
add, ID = 25, 18300
add, ID = 26, 27800
add, ID = 27, 27300
add, ID = 28, 45500
add, ID = 29, 30000
add, ID = 30, 31000
add, ID = 31, 20100
add, ID = 32, 27400
add, ID = 33, 27100
add, ID = 34, 20900
add, ID = 35, 25700
add, ID = 36, 22800
add, ID = 37, 21500
add, ID = 38, 23200
add, ID = 39, 16500
add, ID = 40, 14300
add, ID = 41, 16700
add, ID = 42, 21700
add, ID = 43, 15100
add, ID = 44, 25500
add, ID = 45, 21900
add, ID = 46, 16200
add, ID = 47, 18400
add, ID = 48, 25200
add, ID = 49, 30100
add, ID = 50, 24000
add, ID = 51, 28100
add, ID = 52, 22200
add, ID = 53, 18400
add, ID = 54, 20000
add, ID = 55, 19200
add, ID = 56, 16900
add, ID = 57, 27400
add, ID = 58, 28800
add, ID = 59, 27100
add, ID = 60, 27500
add, ID = 61, 35400
add, ID = 62, 29000
add, ID = 63, 20300
add, ID = 64, 18700
add, ID = 65, 24000
add, ID = 66, 18800
add, ID = 67, 20900
add, ID = 68, 19900
add, ID = 69, 15800
add, ID = 70, 12100
add, ID = 71, 13900
add, ID = 72, 13900
add, ID = 73, 22900
add, ID = 74, 15300
add, ID = 75, 21500
add, ID = 76, 23700
add, ID = 77, 18500
add, ID = 78, 21900
add, ID = 79, 26500
add, ID = 80, 32000
add, ID = 81, 29100
add, ID = 82, 27400
add, ID = 83, 21100
add, ID = 84, 18600
add, ID = 85, 24900
add, ID = 86, 16900
add, ID = 87, 15600
add, ID = 88, 17200
add, ID = 89, 17400
add, ID = 90, 14400
add, ID = 91, 15300
add, ID = 92, 12800
add, ID = 93, 17300
add, ID = 94, 949500
add, ID = 95, 22500
add, ID = 96, 18400
add, ID = 97, 18400
add, ID = 98, 21400
add, ID = 99, 16100
remove, ID = 44, 7800
remove, ID = 9, 10500
remove, ID = 31, 8400
remove, ID = 87, 9200
remove, ID = 89, 7900
remove, ID = 63, 7100
remove, ID = 92, 11000
remove, ID = 9, 9000
remove, ID = 91, 5100
remove, ID = 43, 8800
set, ID = 81, 39000
set, ID = 79, 18800
set, ID = 81, 16500
set, ID = 42, 14100
set, ID = 59, 12600
set, ID = 22, 47000
set, ID = 89, 45300
set, ID = 31, 12600
set, ID = 24, 18400
addTotalCount = 90
addTotalTime = 3251600
addMedianTime = 36128
removeTotalCount = 9.0
removeTotalTime = 84800
removeMedianTime = 9422.222222222223
setTotalCount = 9.0
setTotalTime = 224300
setMedianTime = 24922.222222222223
Totaltime = 126606500
