19:11:2023 14:47:35 
add, ID = 0, 30500
add, ID = 1, 29700
add, ID = 2, 31500
add, ID = 3, 20800
add, ID = 4, 26600
add, ID = 5, 41700
add, ID = 6, 37200
add, ID = 7, 43800
add, ID = 8, 29500
add, ID = 9, 29100
add, ID = 10, 37000
add, ID = 11, 34700
add, ID = 12, 29000
add, ID = 13, 35200
add, ID = 14, 27200
add, ID = 15, 39600
add, ID = 16, 36900
add, ID = 17, 28500
add, ID = 18, 29600
add, ID = 19, 37400
add, ID = 20, 28700
add, ID = 21, 32300
add, ID = 22, 37100
add, ID = 23, 40400
add, ID = 24, 27300
add, ID = 25, 28700
add, ID = 26, 40300
add, ID = 27, 32900
add, ID = 28, 38300
add, ID = 29, 34400
add, ID = 30, 39500
add, ID = 31, 28200
add, ID = 32, 24000
add, ID = 33, 27300
add, ID = 34, 33800
add, ID = 35, 55100
add, ID = 36, 51000
add, ID = 37, 77900
add, ID = 38, 45200
add, ID = 39, 38700
add, ID = 40, 34300
add, ID = 41, 60600
add, ID = 42, 40800
add, ID = 43, 26800
add, ID = 44, 33500
add, ID = 45, 37300
add, ID = 46, 37200
add, ID = 47, 29400
add, ID = 48, 26300
add, ID = 49, 41500
add, ID = 50, 40200
add, ID = 51, 32200
add, ID = 52, 27500
add, ID = 53, 26400
add, ID = 54, 36300
add, ID = 55, 36300
add, ID = 56, 28500
add, ID = 57, 28200
add, ID = 58, 32700
add, ID = 59, 38900
add, ID = 60, 42400
add, ID = 61, 41600
add, ID = 62, 31500
add, ID = 63, 35400
add, ID = 64, 34500
add, ID = 65, 37100
add, ID = 66, 27700
add, ID = 67, 27400
add, ID = 68, 34000
add, ID = 69, 26100
add, ID = 70, 46500
add, ID = 71, 26300
add, ID = 72, 24800
add, ID = 73, 27900
add, ID = 74, 30700
add, ID = 75, 27100
add, ID = 76, 87200
add, ID = 77, 26000
add, ID = 78, 29700
add, ID = 79, 34900
add, ID = 80, 31900
add, ID = 81, 32000
add, ID = 82, 37400
add, ID = 83, 32000
add, ID = 84, 31400
add, ID = 85, 28100
add, ID = 86, 23800
add, ID = 87, 85300
add, ID = 88, 27500
add, ID = 89, 28000
add, ID = 90, 34200
add, ID = 91, 46600
add, ID = 92, 47300
add, ID = 93, 37100
add, ID = 94, 33000
add, ID = 95, 33000
add, ID = 96, 36500
add, ID = 97, 32600
add, ID = 98, 30300
add, ID = 99, 34800
add, ID = 100, 37900
add, ID = 101, 42700
add, ID = 102, 72500
add, ID = 103, 29400
add, ID = 104, 30900
add, ID = 105, 46400
add, ID = 106, 28900
add, ID = 107, 47500
add, ID = 108, 38700
add, ID = 109, 30200
add, ID = 110, 28400
add, ID = 111, 26800
add, ID = 112, 28900
add, ID = 113, 29500
add, ID = 114, 35700
add, ID = 115, 48600
add, ID = 116, 27000
add, ID = 117, 31300
add, ID = 118, 25500
add, ID = 119, 30400
add, ID = 120, 29300
add, ID = 121, 29100
add, ID = 122, 26200
add, ID = 123, 25600
add, ID = 124, 33300
add, ID = 125, 42500
add, ID = 126, 41100
add, ID = 127, 48100
add, ID = 128, 38200
add, ID = 129, 30700
add, ID = 130, 28400
add, ID = 131, 22200
add, ID = 132, 27000
add, ID = 133, 26100
add, ID = 134, 35200
add, ID = 135, 48600
add, ID = 136, 65600
add, ID = 137, 31700
add, ID = 138, 29000
add, ID = 139, 62400
add, ID = 140, 57100
add, ID = 141, 38800
add, ID = 142, 29300
add, ID = 143, 22300
add, ID = 144, 21300
add, ID = 145, 19300
add, ID = 146, 23300
add, ID = 147, 19100
add, ID = 148, 18200
add, ID = 149, 16600
add, ID = 150, 17100
add, ID = 151, 21500
add, ID = 152, 19500
add, ID = 153, 18700
add, ID = 154, 20800
add, ID = 155, 23600
add, ID = 156, 24700
add, ID = 157, 20400
add, ID = 158, 18600
add, ID = 159, 19800
add, ID = 160, 18400
add, ID = 161, 16000
add, ID = 162, 21800
add, ID = 163, 19700
add, ID = 164, 18500
add, ID = 165, 23700
add, ID = 166, 40000
add, ID = 167, 33100
add, ID = 168, 56400
add, ID = 169, 22800
add, ID = 170, 31000
add, ID = 171, 27500
add, ID = 172, 20400
add, ID = 173, 24500
add, ID = 174, 23600
add, ID = 175, 25000
add, ID = 176, 17900
add, ID = 177, 20100
add, ID = 178, 22500
add, ID = 179, 23000
add, ID = 180, 24700
add, ID = 181, 23000
add, ID = 182, 32000
add, ID = 183, 22000
add, ID = 184, 20600
add, ID = 185, 39000
add, ID = 186, 31400
add, ID = 187, 38500
add, ID = 188, 23000
add, ID = 189, 27800
add, ID = 190, 42300
add, ID = 191, 50400
add, ID = 192, 59500
add, ID = 193, 23900
add, ID = 194, 33100
add, ID = 195, 23800
add, ID = 196, 22900
add, ID = 197, 20600
add, ID = 198, 23600
add, ID = 199, 26800
add, ID = 200, 25900
add, ID = 201, 46400
add, ID = 202, 31100
add, ID = 203, 25300
add, ID = 204, 15300
add, ID = 205, 23600
add, ID = 206, 14100
add, ID = 207, 15900
add, ID = 208, 13200
add, ID = 209, 22400
add, ID = 210, 16900
add, ID = 211, 14700
add, ID = 212, 15100
add, ID = 213, 16300
add, ID = 214, 15600
add, ID = 215, 16000
add, ID = 216, 21700
add, ID = 217, 13400
add, ID = 218, 16100
add, ID = 219, 11500
add, ID = 220, 13200
add, ID = 221, 14400
add, ID = 222, 7800
add, ID = 223, 14900
add, ID = 224, 14600
add, ID = 225, 31000
add, ID = 226, 36400
add, ID = 227, 34500
add, ID = 228, 19700
add, ID = 229, 14600
add, ID = 230, 10100
add, ID = 231, 9400
add, ID = 232, 12600
add, ID = 233, 29300
add, ID = 234, 19000
add, ID = 235, 31400
add, ID = 236, 21000
add, ID = 237, 28700
add, ID = 238, 21600
add, ID = 239, 19300
add, ID = 240, 21600
add, ID = 241, 23900
add, ID = 242, 17000
add, ID = 243, 17800
add, ID = 244, 19500
add, ID = 245, 16900
add, ID = 246, 15300
add, ID = 247, 12300
add, ID = 248, 11900
add, ID = 249, 12300
add, ID = 250, 13200
add, ID = 251, 22600
add, ID = 252, 22700
add, ID = 253, 40400
add, ID = 254, 21600
add, ID = 255, 21000
add, ID = 256, 25900
add, ID = 257, 21800
add, ID = 258, 38100
add, ID = 259, 33100
add, ID = 260, 21400
add, ID = 261, 21900
add, ID = 262, 17600
add, ID = 263, 19400
add, ID = 264, 17100
add, ID = 265, 30300
add, ID = 266, 58300
add, ID = 267, 26900
add, ID = 268, 20500
add, ID = 269, 22900
add, ID = 270, 20500
add, ID = 271, 28300
add, ID = 272, 20800
add, ID = 273, 51100
add, ID = 274, 25500
add, ID = 275, 24400
add, ID = 276, 25600
add, ID = 277, 23200
add, ID = 278, 20900
add, ID = 279, 21600
add, ID = 280, 25800
add, ID = 281, 24500
add, ID = 282, 24000
add, ID = 283, 17900
add, ID = 284, 22100
add, ID = 285, 25000
add, ID = 286, 29600
add, ID = 287, 13300
add, ID = 288, 37100
add, ID = 289, 37900
add, ID = 290, 52200
add, ID = 291, 19600
add, ID = 292, 24000
add, ID = 293, 21400
add, ID = 294, 27600
add, ID = 295, 39300
add, ID = 296, 23300
add, ID = 297, 25600
add, ID = 298, 22900
add, ID = 299, 29300
add, ID = 300, 25700
add, ID = 301, 23000
add, ID = 302, 22800
add, ID = 303, 20400
add, ID = 304, 20300
add, ID = 305, 22000
add, ID = 306, 30400
add, ID = 307, 22100
add, ID = 308, 18900
add, ID = 309, 25000
add, ID = 310, 22500
add, ID = 311, 22600
add, ID = 312, 17500
add, ID = 313, 22700
add, ID = 314, 24700
add, ID = 315, 20000
add, ID = 316, 27700
add, ID = 317, 22000
add, ID = 318, 23500
add, ID = 319, 21000
add, ID = 320, 29400
add, ID = 321, 38600
add, ID = 322, 27800
add, ID = 323, 18800
add, ID = 324, 21500
add, ID = 325, 23200
add, ID = 326, 17700
add, ID = 327, 15700
add, ID = 328, 19800
add, ID = 329, 17200
add, ID = 330, 27200
add, ID = 331, 49700
add, ID = 332, 32600
add, ID = 333, 22100
add, ID = 334, 22200
add, ID = 335, 19700
add, ID = 336, 26100
add, ID = 337, 24900
add, ID = 338, 61300
add, ID = 339, 18000
add, ID = 340, 20200
add, ID = 341, 29100
add, ID = 342, 29600
add, ID = 343, 30000
add, ID = 344, 22500
add, ID = 345, 19300
add, ID = 346, 19400
add, ID = 347, 30000
add, ID = 348, 19800
add, ID = 349, 14700
add, ID = 350, 29600
add, ID = 351, 21100
add, ID = 352, 14700
add, ID = 353, 18900
add, ID = 354, 26100
add, ID = 355, 21100
add, ID = 356, 21300
add, ID = 357, 27800
add, ID = 358, 33000
add, ID = 359, 33400
add, ID = 360, 24300
add, ID = 361, 38700
add, ID = 362, 29100
add, ID = 363, 28600
add, ID = 364, 21900
add, ID = 365, 20700
add, ID = 366, 36500
add, ID = 367, 23000
add, ID = 368, 27100
add, ID = 369, 24000
add, ID = 370, 23800
add, ID = 371, 22900
add, ID = 372, 25700
add, ID = 373, 25900
add, ID = 374, 25100
add, ID = 375, 20900
add, ID = 376, 30300
add, ID = 377, 19500
add, ID = 378, 21700
add, ID = 379, 22300
add, ID = 380, 27000
add, ID = 381, 25700
add, ID = 382, 22900
add, ID = 383, 21000
add, ID = 384, 22500
add, ID = 385, 21200
add, ID = 386, 19100
add, ID = 387, 15400
add, ID = 388, 21600
add, ID = 389, 22900
add, ID = 390, 25900
add, ID = 391, 26100
add, ID = 392, 19500
add, ID = 393, 21100
add, ID = 394, 21100
add, ID = 395, 19800
add, ID = 396, 21100
add, ID = 397, 19700
add, ID = 398, 15500
add, ID = 399, 14200
add, ID = 400, 13500
add, ID = 401, 17600
add, ID = 402, 15100
add, ID = 403, 16700
add, ID = 404, 20000
add, ID = 405, 12600
add, ID = 406, 17500
add, ID = 407, 15000
add, ID = 408, 15900
add, ID = 409, 24200
add, ID = 410, 28400
add, ID = 411, 19200
add, ID = 412, 22200
add, ID = 413, 21300
add, ID = 414, 24400
add, ID = 415, 15000
add, ID = 416, 23000
add, ID = 417, 17500
add, ID = 418, 15400
add, ID = 419, 19500
add, ID = 420, 19500
add, ID = 421, 12400
add, ID = 422, 16000
add, ID = 423, 15800
add, ID = 424, 15600
add, ID = 425, 14800
add, ID = 426, 21600
add, ID = 427, 22700
add, ID = 428, 31600
add, ID = 429, 21100
add, ID = 430, 15200
add, ID = 431, 20600
add, ID = 432, 24100
add, ID = 433, 17000
add, ID = 434, 20200
add, ID = 435, 33900
add, ID = 436, 27100
add, ID = 437, 21300
add, ID = 438, 17300
add, ID = 439, 18100
add, ID = 440, 17100
add, ID = 441, 17300
add, ID = 442, 13200
add, ID = 443, 21800
add, ID = 444, 19800
add, ID = 445, 27700
add, ID = 446, 21900
add, ID = 447, 15700
add, ID = 448, 14200
add, ID = 449, 20100
add, ID = 450, 18700
add, ID = 451, 19500
add, ID = 452, 30900
add, ID = 453, 26500
add, ID = 454, 19200
add, ID = 455, 27200
add, ID = 456, 18300
add, ID = 457, 24400
add, ID = 458, 21800
add, ID = 459, 19600
add, ID = 460, 15300
add, ID = 461, 16100
add, ID = 462, 19500
add, ID = 463, 27600
add, ID = 464, 18800
add, ID = 465, 27900
add, ID = 466, 18000
add, ID = 467, 22100
add, ID = 468, 19900
add, ID = 469, 12400
add, ID = 470, 12900
add, ID = 471, 24200
add, ID = 472, 21700
add, ID = 473, 18300
add, ID = 474, 23900
add, ID = 475, 19700
add, ID = 476, 15800
add, ID = 477, 15600
add, ID = 478, 22100
add, ID = 479, 18600
add, ID = 480, 25300
add, ID = 481, 23000
add, ID = 482, 19300
add, ID = 483, 13300
add, ID = 484, 22100
add, ID = 485, 12000
add, ID = 486, 20700
add, ID = 487, 13800
add, ID = 488, 12100
add, ID = 489, 8800
add, ID = 490, 15000
add, ID = 491, 15100
add, ID = 492, 11600
add, ID = 493, 12000
add, ID = 494, 18500
add, ID = 495, 21900
add, ID = 496, 19600
add, ID = 497, 15000
add, ID = 498, 12200
add, ID = 499, 16000
add, ID = 500, 36300
add, ID = 501, 11900
add, ID = 502, 37800
add, ID = 503, 21700
add, ID = 504, 17600
add, ID = 505, 11100
add, ID = 506, 13800
add, ID = 507, 16900
add, ID = 508, 18100
add, ID = 509, 11600
add, ID = 510, 14200
add, ID = 511, 14900
add, ID = 512, 11100
add, ID = 513, 9900
add, ID = 514, 12800
add, ID = 515, 24400
add, ID = 516, 19500
add, ID = 517, 29600
add, ID = 518, 13700
add, ID = 519, 26100
add, ID = 520, 23700
add, ID = 521, 23100
add, ID = 522, 18500
add, ID = 523, 17300
add, ID = 524, 20200
add, ID = 525, 14100
add, ID = 526, 10700
add, ID = 527, 14700
add, ID = 528, 16500
add, ID = 529, 10000
add, ID = 530, 20000
add, ID = 531, 21000
add, ID = 532, 18900
add, ID = 533, 25000
add, ID = 534, 23700
add, ID = 535, 24600
add, ID = 536, 27600
add, ID = 537, 16100
add, ID = 538, 11400
add, ID = 539, 8900
add, ID = 540, 8800
add, ID = 541, 11500
add, ID = 542, 11200
add, ID = 543, 8500
add, ID = 544, 11200
add, ID = 545, 17200
add, ID = 546, 11800
add, ID = 547, 10400
add, ID = 548, 10400
add, ID = 549, 10900
add, ID = 550, 8300
add, ID = 551, 10400
add, ID = 552, 9300
add, ID = 553, 8500
add, ID = 554, 12200
add, ID = 555, 14900
add, ID = 556, 16300
add, ID = 557, 13900
add, ID = 558, 12000
add, ID = 559, 13800
add, ID = 560, 12500
add, ID = 561, 17000
add, ID = 562, 19600
add, ID = 563, 20300
add, ID = 564, 17600
add, ID = 565, 13000
add, ID = 566, 15600
add, ID = 567, 12000
add, ID = 568, 13500
add, ID = 569, 16200
add, ID = 570, 28800
add, ID = 571, 16800
add, ID = 572, 16800
add, ID = 573, 9700
add, ID = 574, 9800
add, ID = 575, 14400
add, ID = 576, 12900
add, ID = 577, 15800
add, ID = 578, 17800
add, ID = 579, 16000
add, ID = 580, 26700
add, ID = 581, 18700
add, ID = 582, 20000
add, ID = 583, 13600
add, ID = 584, 17100
add, ID = 585, 13800
add, ID = 586, 10100
add, ID = 587, 13300
add, ID = 588, 24900
add, ID = 589, 11500
add, ID = 590, 15500
add, ID = 591, 13900
add, ID = 592, 10100
add, ID = 593, 7100
add, ID = 594, 13700
add, ID = 595, 17300
add, ID = 596, 13300
add, ID = 597, 16900
add, ID = 598, 7500
add, ID = 599, 8300
add, ID = 600, 6700
add, ID = 601, 8900
add, ID = 602, 11300
add, ID = 603, 4900
add, ID = 604, 5800
add, ID = 605, 7800
add, ID = 606, 25100
add, ID = 607, 10000
add, ID = 608, 19700
add, ID = 609, 14200
add, ID = 610, 15300
add, ID = 611, 11400
add, ID = 612, 12900
add, ID = 613, 13300
add, ID = 614, 11000
add, ID = 615, 10500
add, ID = 616, 11800
add, ID = 617, 12000
add, ID = 618, 9600
add, ID = 619, 8200
add, ID = 620, 13900
add, ID = 621, 8500
add, ID = 622, 7800
add, ID = 623, 8000
add, ID = 624, 9600
add, ID = 625, 9600
add, ID = 626, 10100
add, ID = 627, 9800
add, ID = 628, 15600
add, ID = 629, 12500
add, ID = 630, 11200
add, ID = 631, 12200
add, ID = 632, 15000
add, ID = 633, 12700
add, ID = 634, 16100
add, ID = 635, 18300
add, ID = 636, 19800
add, ID = 637, 14400
add, ID = 638, 15000
add, ID = 639, 14900
add, ID = 640, 13000
add, ID = 641, 19100
add, ID = 642, 17600
add, ID = 643, 10600
add, ID = 644, 10200
add, ID = 645, 13500
add, ID = 646, 14300
add, ID = 647, 14900
add, ID = 648, 15300
add, ID = 649, 15200
add, ID = 650, 18500
add, ID = 651, 30000
add, ID = 652, 19000
add, ID = 653, 16500
add, ID = 654, 14600
add, ID = 655, 14800
add, ID = 656, 14200
add, ID = 657, 14300
add, ID = 658, 16600
add, ID = 659, 12400
add, ID = 660, 16600
add, ID = 661, 20100
add, ID = 662, 12700
add, ID = 663, 20400
add, ID = 664, 18300
add, ID = 665, 14700
add, ID = 666, 20200
add, ID = 667, 26400
add, ID = 668, 21700
add, ID = 669, 14100
add, ID = 670, 21000
add, ID = 671, 17500
add, ID = 672, 15000
add, ID = 673, 18900
add, ID = 674, 25100
add, ID = 675, 17900
add, ID = 676, 17900
add, ID = 677, 15700
add, ID = 678, 14500
add, ID = 679, 55100
add, ID = 680, 17400
add, ID = 681, 13000
add, ID = 682, 20100
add, ID = 683, 21000
add, ID = 684, 11900
add, ID = 685, 24800
add, ID = 686, 21500
add, ID = 687, 27300
add, ID = 688, 15500
add, ID = 689, 15800
add, ID = 690, 14600
add, ID = 691, 18300
add, ID = 692, 17200
add, ID = 693, 21000
add, ID = 694, 17200
add, ID = 695, 22900
add, ID = 696, 24700
add, ID = 697, 23900
add, ID = 698, 17700
add, ID = 699, 22500
add, ID = 700, 23800
add, ID = 701, 26000
add, ID = 702, 26100
add, ID = 703, 22900
add, ID = 704, 24400
add, ID = 705, 22500
add, ID = 706, 25500
add, ID = 707, 30000
add, ID = 708, 30200
add, ID = 709, 25100
add, ID = 710, 31000
add, ID = 711, 21600
add, ID = 712, 24800
add, ID = 713, 20800
add, ID = 714, 26000
add, ID = 715, 38900
add, ID = 716, 31600
add, ID = 717, 51400
add, ID = 718, 16900
add, ID = 719, 25000
add, ID = 720, 22000
add, ID = 721, 19900
add, ID = 722, 18200
add, ID = 723, 23400
add, ID = 724, 18300
add, ID = 725, 16500
add, ID = 726, 22500
add, ID = 727, 25800
add, ID = 728, 22000
add, ID = 729, 22100
add, ID = 730, 18400
add, ID = 731, 19400
add, ID = 732, 20500
add, ID = 733, 18200
add, ID = 734, 22700
add, ID = 735, 17600
add, ID = 736, 19600
add, ID = 737, 36900
add, ID = 738, 23600
add, ID = 739, 20700
add, ID = 740, 19000
add, ID = 741, 18500
add, ID = 742, 23700
add, ID = 743, 14400
add, ID = 744, 15800
add, ID = 745, 10800
add, ID = 746, 16200
add, ID = 747, 23200
add, ID = 748, 20900
add, ID = 749, 28200
add, ID = 750, 24900
add, ID = 751, 25600
add, ID = 752, 19600
add, ID = 753, 22500
add, ID = 754, 17000
add, ID = 755, 16700
add, ID = 756, 13200
add, ID = 757, 13400
add, ID = 758, 20200
add, ID = 759, 14600
add, ID = 760, 24100
add, ID = 761, 18700
add, ID = 762, 27900
add, ID = 763, 17100
add, ID = 764, 23500
add, ID = 765, 16600
add, ID = 766, 25200
add, ID = 767, 24600
add, ID = 768, 23800
add, ID = 769, 24900
add, ID = 770, 49100
add, ID = 771, 25100
add, ID = 772, 31200
add, ID = 773, 17000
add, ID = 774, 34600
add, ID = 775, 42500
add, ID = 776, 22900
add, ID = 777, 15200
add, ID = 778, 16900
add, ID = 779, 14800
add, ID = 780, 14400
add, ID = 781, 24400
add, ID = 782, 35200
add, ID = 783, 37800
add, ID = 784, 21600
add, ID = 785, 29900
add, ID = 786, 16900
add, ID = 787, 14100
add, ID = 788, 26700
add, ID = 789, 22400
add, ID = 790, 17300
add, ID = 791, 28000
add, ID = 792, 22300
add, ID = 793, 23700
add, ID = 794, 22200
add, ID = 795, 24000
add, ID = 796, 28000
add, ID = 797, 28200
add, ID = 798, 20300
add, ID = 799, 17600
add, ID = 800, 27700
add, ID = 801, 20300
add, ID = 802, 23700
add, ID = 803, 21700
add, ID = 804, 32700
add, ID = 805, 18800
add, ID = 806, 23000
add, ID = 807, 17400
add, ID = 808, 18800
add, ID = 809, 21000
add, ID = 810, 7100
add, ID = 811, 17700
add, ID = 812, 20600
add, ID = 813, 22200
add, ID = 814, 14600
add, ID = 815, 19500
add, ID = 816, 16900
add, ID = 817, 12100
add, ID = 818, 15400
add, ID = 819, 18800
add, ID = 820, 17100
add, ID = 821, 16800
add, ID = 822, 18200
add, ID = 823, 15500
add, ID = 824, 17100
add, ID = 825, 17300
add, ID = 826, 18200
add, ID = 827, 14000
add, ID = 828, 19300
add, ID = 829, 16900
add, ID = 830, 13100
add, ID = 831, 14600
add, ID = 832, 10500
add, ID = 833, 20800
add, ID = 834, 16000
add, ID = 835, 19300
add, ID = 836, 16700
add, ID = 837, 23800
add, ID = 838, 22300
add, ID = 839, 23000
add, ID = 840, 21200
add, ID = 841, 19300
add, ID = 842, 16100
add, ID = 843, 18900
add, ID = 844, 18500
add, ID = 845, 12900
add, ID = 846, 15300
add, ID = 847, 14700
add, ID = 848, 25100
add, ID = 849, 14800
add, ID = 850, 15400
add, ID = 851, 13100
add, ID = 852, 8800
add, ID = 853, 12400
add, ID = 854, 16400
add, ID = 855, 10500
add, ID = 856, 13900
add, ID = 857, 22500
add, ID = 858, 17800
add, ID = 859, 11000
add, ID = 860, 16800
add, ID = 861, 18200
add, ID = 862, 19300
add, ID = 863, 22700
add, ID = 864, 17800
add, ID = 865, 18900
add, ID = 866, 23000
add, ID = 867, 11600
add, ID = 868, 7300
add, ID = 869, 11300
add, ID = 870, 8100
add, ID = 871, 13700
add, ID = 872, 11500
add, ID = 873, 11400
add, ID = 874, 16300
add, ID = 875, 14400
add, ID = 876, 13000
add, ID = 877, 11600
add, ID = 878, 23700
add, ID = 879, 13300
add, ID = 880, 22000
add, ID = 881, 26300
add, ID = 882, 23100
add, ID = 883, 14100
add, ID = 884, 16300
add, ID = 885, 13500
add, ID = 886, 13600
add, ID = 887, 15500
add, ID = 888, 12200
add, ID = 889, 17200
add, ID = 890, 13000
add, ID = 891, 12100
add, ID = 892, 12900
add, ID = 893, 12900
add, ID = 894, 15600
add, ID = 895, 19100
add, ID = 896, 16100
add, ID = 897, 21100
add, ID = 898, 16400
add, ID = 899, 17100
add, ID = 900, 11300
add, ID = 901, 11900
add, ID = 902, 18600
add, ID = 903, 12000
add, ID = 904, 16200
add, ID = 905, 12700
add, ID = 906, 25100
add, ID = 907, 20200
add, ID = 908, 14800
add, ID = 909, 11400
add, ID = 910, 11900
add, ID = 911, 13300
add, ID = 912, 16600
add, ID = 913, 18200
add, ID = 914, 17900
add, ID = 915, 19800
add, ID = 916, 23400
add, ID = 917, 26100
add, ID = 918, 21500
add, ID = 919, 16500
add, ID = 920, 21800
add, ID = 921, 18900
add, ID = 922, 24000
add, ID = 923, 19300
add, ID = 924, 20800
add, ID = 925, 17000
add, ID = 926, 20700
add, ID = 927, 22500
add, ID = 928, 23900
add, ID = 929, 26600
add, ID = 930, 16100
add, ID = 931, 24800
add, ID = 932, 22500
add, ID = 933, 25000
add, ID = 934, 28200
add, ID = 935, 21300
add, ID = 936, 22700
add, ID = 937, 81300
add, ID = 938, 29000
add, ID = 939, 29500
add, ID = 940, 23900
add, ID = 941, 23600
add, ID = 942, 24100
add, ID = 943, 27100
add, ID = 944, 24800
add, ID = 945, 24600
add, ID = 946, 23200
add, ID = 947, 20600
add, ID = 948, 21900
add, ID = 949, 16000
add, ID = 950, 21000
add, ID = 951, 22800
add, ID = 952, 23000
add, ID = 953, 20000
add, ID = 954, 17700
add, ID = 955, 27500
add, ID = 956, 15800
add, ID = 957, 17200
add, ID = 958, 15100
add, ID = 959, 27200
add, ID = 960, 18400
add, ID = 961, 18900
add, ID = 962, 14500
add, ID = 963, 19000
add, ID = 964, 19400
add, ID = 965, 20900
add, ID = 966, 29000
add, ID = 967, 22200
add, ID = 968, 17800
add, ID = 969, 21500
add, ID = 970, 21000
add, ID = 971, 18400
add, ID = 972, 19000
add, ID = 973, 44700
add, ID = 974, 49000
add, ID = 975, 20900
add, ID = 976, 23700
add, ID = 977, 17100
add, ID = 978, 16700
add, ID = 979, 15600
add, ID = 980, 25700
add, ID = 981, 19700
add, ID = 982, 26100
add, ID = 983, 23000
add, ID = 984, 20800
add, ID = 985, 16300
add, ID = 986, 20600
add, ID = 987, 19200
add, ID = 988, 17700
add, ID = 989, 49500
add, ID = 990, 12000
add, ID = 991, 12200
add, ID = 992, 26300
add, ID = 993, 11400
add, ID = 994, 11200
add, ID = 995, 14500
add, ID = 996, 12800
add, ID = 997, 14300
add, ID = 998, 11900
add, ID = 999, 19600
remove, ID = 639, 66600
remove, ID = 280, 45600
remove, ID = 795, 49500
remove, ID = 791, 23300
remove, ID = 200, 28300
remove, ID = 94, 6900
remove, ID = 890, 20100
remove, ID = 375, 62100
remove, ID = 348, 47100
remove, ID = 974, 6700
remove, ID = 548, 67800
remove, ID = 808, 37600
remove, ID = 723, 31400
remove, ID = 6, 4200
remove, ID = 373, 50400
remove, ID = 371, 40100
remove, ID = 624, 50900
remove, ID = 20, 10500
remove, ID = 514, 80000
remove, ID = 801, 35900
remove, ID = 697, 31100
remove, ID = 339, 61300
remove, ID = 163, 30900
remove, ID = 732, 75700
remove, ID = 288, 47600
remove, ID = 557, 71900
remove, ID = 912, 19900
remove, ID = 563, 76300
remove, ID = 296, 43900
remove, ID = 449, 46700
remove, ID = 226, 21700
remove, ID = 460, 39900
remove, ID = 91, 5000
remove, ID = 91, 9200
remove, ID = 248, 40500
remove, ID = 306, 32500
remove, ID = 200, 32200
remove, ID = 892, 14700
remove, ID = 937, 8000
remove, ID = 449, 62500
remove, ID = 43, 4500
remove, ID = 732, 34700
remove, ID = 416, 56400
remove, ID = 95, 13300
remove, ID = 495, 85300
remove, ID = 408, 60400
remove, ID = 800, 43900
remove, ID = 216, 74200
remove, ID = 284, 54000
remove, ID = 270, 44300
remove, ID = 590, 70000
remove, ID = 120, 41400
remove, ID = 65, 10200
remove, ID = 438, 58400
remove, ID = 155, 20400
remove, ID = 738, 31100
remove, ID = 290, 41900
remove, ID = 362, 29100
remove, ID = 205, 14500
remove, ID = 297, 31100
remove, ID = 517, 67000
remove, ID = 132, 23900
remove, ID = 313, 54200
remove, ID = 492, 88300
remove, ID = 316, 43600
remove, ID = 327, 36800
remove, ID = 361, 46600
remove, ID = 689, 42800
remove, ID = 275, 35400
remove, ID = 500, 74100
remove, ID = 406, 47000
remove, ID = 519, 69800
remove, ID = 229, 26100
remove, ID = 685, 33100
remove, ID = 795, 18700
remove, ID = 904, 14700
remove, ID = 610, 80600
remove, ID = 495, 93700
remove, ID = 627, 68900
remove, ID = 489, 128200
remove, ID = 319, 52700
remove, ID = 429, 56800
remove, ID = 241, 43400
remove, ID = 256, 37000
remove, ID = 134, 15000
remove, ID = 852, 15400
remove, ID = 832, 21000
remove, ID = 246, 42500
remove, ID = 856, 27600
remove, ID = 829, 23700
remove, ID = 511, 72600
set, ID = 279, 49400
set, ID = 842, 27000
set, ID = 74, 26900
set, ID = 155, 37200
set, ID = 691, 60000
set, ID = 76, 38500
set, ID = 785, 49000
set, ID = 484, 134100
set, ID = 747, 70500
set, ID = 837, 63300
set, ID = 652, 92100
set, ID = 251, 81300
set, ID = 486, 119000
set, ID = 97, 44300
set, ID = 483, 98900
set, ID = 125, 90000
set, ID = 849, 38900
set, ID = 748, 61100
set, ID = 518, 96500
set, ID = 372, 108000
set, ID = 745, 82400
set, ID = 829, 35600
set, ID = 352, 76900
set, ID = 63, 26500
set, ID = 572, 80800
set, ID = 788, 44900
set, ID = 586, 66500
set, ID = 756, 47700
set, ID = 118, 34200
set, ID = 572, 88100
set, ID = 240, 52300
set, ID = 648, 88100
set, ID = 285, 82100
set, ID = 332, 93000
set, ID = 217, 47700
set, ID = 289, 62500
set, ID = 634, 63700
set, ID = 131, 33400
set, ID = 472, 97300
set, ID = 795, 38500
set, ID = 1, 17100
set, ID = 241, 101600
set, ID = 275, 57600
set, ID = 446, 102800
set, ID = 857, 42700
set, ID = 720, 82800
set, ID = 51, 18600
set, ID = 631, 55500
set, ID = 721, 58600
set, ID = 205, 44500
set, ID = 542, 85300
set, ID = 261, 54400
set, ID = 694, 52900
set, ID = 289, 50300
set, ID = 170, 25500
set, ID = 115, 15700
set, ID = 253, 46500
set, ID = 730, 40600
set, ID = 736, 57100
set, ID = 728, 48800
set, ID = 486, 123900
set, ID = 369, 70000
set, ID = 619, 74500
set, ID = 213, 42700
set, ID = 810, 25800
set, ID = 213, 38600
set, ID = 122, 26800
set, ID = 472, 96200
set, ID = 598, 89100
set, ID = 837, 31100
set, ID = 472, 84100
set, ID = 514, 92900
set, ID = 874, 29700
set, ID = 533, 71800
set, ID = 368, 72700
set, ID = 343, 74100
set, ID = 313, 69400
set, ID = 248, 79000
set, ID = 518, 101700
set, ID = 43, 27500
set, ID = 225, 57700
set, ID = 624, 74700
set, ID = 321, 73200
set, ID = 696, 73000
set, ID = 900, 22200
set, ID = 445, 86300
set, ID = 336, 87700
set, ID = 446, 94200
set, ID = 851, 31600
set, ID = 688, 71600
set, ID = 652, 70600
addTotalCount = 909
addTotalTime = 22468500
addMedianTime = 24717
removeTotalCount = 90.9
removeTotalTime = 3856800
removeMedianTime = 42429.04290429043
setTotalCount = 90.9
setTotalTime = 5751500
setMedianTime = 63272.82728272827
Totaltime = 1005649000
