19:11:2023 14:47:33 
add, ID = 0, 16000
add, ID = 1, 16600
add, ID = 2, 21500
add, ID = 3, 15700
add, ID = 4, 16200
add, ID = 5, 19600
add, ID = 6, 15600
add, ID = 7, 27700
add, ID = 8, 16000
add, ID = 9, 27200
add, ID = 10, 21300
add, ID = 11, 19200
add, ID = 12, 14000
add, ID = 13, 19600
add, ID = 14, 16500
add, ID = 15, 18800
add, ID = 16, 12900
add, ID = 17, 18400
add, ID = 18, 11300
add, ID = 19, 21800
add, ID = 20, 13000
add, ID = 21, 18400
add, ID = 22, 11000
add, ID = 23, 14700
add, ID = 24, 10100
add, ID = 25, 12900
add, ID = 26, 15000
add, ID = 27, 12200
add, ID = 28, 23400
add, ID = 29, 15400
add, ID = 30, 14600
add, ID = 31, 19200
add, ID = 32, 15300
add, ID = 33, 15500
add, ID = 34, 14700
add, ID = 35, 12600
add, ID = 36, 12300
add, ID = 37, 16700
add, ID = 38, 10300
add, ID = 39, 12700
add, ID = 40, 13100
add, ID = 41, 11100
add, ID = 42, 13300
add, ID = 43, 11500
add, ID = 44, 10900
add, ID = 45, 15200
add, ID = 46, 13800
add, ID = 47, 11200
add, ID = 48, 12500
add, ID = 49, 11700
add, ID = 50, 20200
add, ID = 51, 26700
add, ID = 52, 22600
add, ID = 53, 21700
add, ID = 54, 27800
add, ID = 55, 22500
add, ID = 56, 23300
add, ID = 57, 77000
add, ID = 58, 26900
add, ID = 59, 20400
add, ID = 60, 19800
add, ID = 61, 21600
add, ID = 62, 19200
add, ID = 63, 24200
add, ID = 64, 22500
add, ID = 65, 22100
add, ID = 66, 22100
add, ID = 67, 19100
add, ID = 68, 16200
add, ID = 69, 12500
add, ID = 70, 18000
add, ID = 71, 16900
add, ID = 72, 16700
add, ID = 73, 21400
add, ID = 74, 38800
add, ID = 75, 27500
add, ID = 76, 18300
add, ID = 77, 16800
add, ID = 78, 13100
add, ID = 79, 17500
add, ID = 80, 26300
add, ID = 81, 16900
add, ID = 82, 10300
add, ID = 83, 16100
add, ID = 84, 12800
add, ID = 85, 10500
add, ID = 86, 8900
add, ID = 87, 10100
add, ID = 88, 15100
add, ID = 89, 12400
add, ID = 90, 12100
add, ID = 91, 8900
add, ID = 92, 9500
add, ID = 93, 9000
add, ID = 94, 8200
add, ID = 95, 7700
add, ID = 96, 6900
add, ID = 97, 7800
add, ID = 98, 13100
add, ID = 99, 11300
remove, ID = 24, 9300
remove, ID = 10, 7300
remove, ID = 94, 7100
remove, ID = 26, 7800
remove, ID = 21, 6100
remove, ID = 24, 4500
remove, ID = 8, 5200
remove, ID = 22, 7300
remove, ID = 25, 8500
remove, ID = 28, 7200
set, ID = 53, 22900
set, ID = 27, 19200
set, ID = 25, 19100
set, ID = 19, 17300
set, ID = 13, 14000
set, ID = 15, 10600
set, ID = 15, 11200
set, ID = 76, 13300
set, ID = 0, 13400
addTotalCount = 90
addTotalTime = 1707500
addMedianTime = 18972
removeTotalCount = 9.0
removeTotalTime = 70300
removeMedianTime = 7811.111111111111
setTotalCount = 9.0
setTotalTime = 141000
setMedianTime = 15666.666666666666
Totaltime = 102893800
